{"C:\\Users\\alimi\\Desktop\\webdev\\app-environment-practice\\apps-frontend\\src\\App.tsx": {"path":"C:\\Users\\alimi\\Desktop\\webdev\\app-environment-practice\\apps-frontend\\src\\App.tsx","all":false,"statementMap":{"0":{"start":{"line":1,"column":0},"end":{"line":1,"column":74}},"1":{"start":{"line":2,"column":0},"end":{"line":2,"column":42}},"2":{"start":{"line":3,"column":0},"end":{"line":3,"column":69}},"3":{"start":{"line":4,"column":0},"end":{"line":4,"column":57}},"4":{"start":{"line":5,"column":0},"end":{"line":5,"column":41}},"5":{"start":{"line":6,"column":0},"end":{"line":6,"column":50}},"6":{"start":{"line":7,"column":0},"end":{"line":7,"column":56}},"7":{"start":{"line":8,"column":0},"end":{"line":8,"column":69}},"8":{"start":{"line":9,"column":0},"end":{"line":9,"column":63}},"9":{"start":{"line":10,"column":0},"end":{"line":10,"column":36}},"10":{"start":{"line":11,"column":0},"end":{"line":11,"column":19}},"13":{"start":{"line":14,"column":0},"end":{"line":14,"column":74}},"15":{"start":{"line":16,"column":0},"end":{"line":16,"column":107}},"16":{"start":{"line":17,"column":0},"end":{"line":17,"column":10}},"17":{"start":{"line":18,"column":0},"end":{"line":18,"column":12}},"18":{"start":{"line":19,"column":0},"end":{"line":19,"column":38}},"19":{"start":{"line":20,"column":0},"end":{"line":20,"column":30}},"20":{"start":{"line":21,"column":0},"end":{"line":21,"column":14}},"22":{"start":{"line":23,"column":0},"end":{"line":23,"column":55}},"23":{"start":{"line":24,"column":0},"end":{"line":24,"column":61}},"26":{"start":{"line":27,"column":0},"end":{"line":27,"column":14}},"27":{"start":{"line":28,"column":0},"end":{"line":28,"column":27}},"28":{"start":{"line":29,"column":0},"end":{"line":29,"column":19}},"29":{"start":{"line":30,"column":0},"end":{"line":30,"column":28}},"30":{"start":{"line":31,"column":0},"end":{"line":31,"column":22}},"31":{"start":{"line":32,"column":0},"end":{"line":32,"column":33}},"32":{"start":{"line":33,"column":0},"end":{"line":33,"column":23}},"33":{"start":{"line":34,"column":0},"end":{"line":34,"column":29}},"35":{"start":{"line":36,"column":0},"end":{"line":36,"column":10}},"36":{"start":{"line":37,"column":0},"end":{"line":37,"column":14}},"37":{"start":{"line":38,"column":0},"end":{"line":38,"column":25}},"38":{"start":{"line":39,"column":0},"end":{"line":39,"column":19}},"39":{"start":{"line":40,"column":0},"end":{"line":40,"column":28}},"40":{"start":{"line":41,"column":0},"end":{"line":41,"column":22}},"41":{"start":{"line":42,"column":0},"end":{"line":42,"column":27}},"42":{"start":{"line":43,"column":0},"end":{"line":43,"column":23}},"43":{"start":{"line":44,"column":0},"end":{"line":44,"column":29}},"45":{"start":{"line":46,"column":0},"end":{"line":46,"column":10}},"46":{"start":{"line":47,"column":0},"end":{"line":47,"column":14}},"47":{"start":{"line":48,"column":0},"end":{"line":48,"column":23}},"48":{"start":{"line":49,"column":0},"end":{"line":49,"column":19}},"49":{"start":{"line":50,"column":0},"end":{"line":50,"column":73}},"50":{"start":{"line":51,"column":0},"end":{"line":51,"column":22}},"51":{"start":{"line":52,"column":0},"end":{"line":52,"column":38}},"52":{"start":{"line":53,"column":0},"end":{"line":53,"column":23}},"53":{"start":{"line":54,"column":0},"end":{"line":54,"column":29}},"55":{"start":{"line":56,"column":0},"end":{"line":56,"column":10}},"58":{"start":{"line":59,"column":0},"end":{"line":59,"column":73}},"59":{"start":{"line":60,"column":0},"end":{"line":60,"column":64}},"60":{"start":{"line":61,"column":0},"end":{"line":61,"column":15}},"61":{"start":{"line":62,"column":0},"end":{"line":62,"column":13}},"63":{"start":{"line":64,"column":0},"end":{"line":64,"column":1}},"65":{"start":{"line":66,"column":0},"end":{"line":66,"column":19}}},"s":{"0":1,"1":1,"2":1,"3":1,"4":1,"5":1,"6":1,"7":1,"8":1,"9":1,"10":1,"13":1,"15":8,"16":8,"17":8,"18":8,"19":8,"20":8,"22":8,"23":8,"26":8,"27":8,"28":8,"29":8,"30":8,"31":8,"32":8,"33":8,"35":8,"36":8,"37":8,"38":8,"39":8,"40":8,"41":8,"42":8,"43":8,"45":8,"46":8,"47":8,"48":8,"49":8,"50":8,"51":8,"52":8,"53":8,"55":8,"58":8,"59":8,"60":8,"61":8,"63":8,"65":1},"branchMap":{"0":{"type":"branch","line":16,"loc":{"start":{"line":16,"column":0},"end":{"line":64,"column":1}},"locations":[{"start":{"line":16,"column":0},"end":{"line":64,"column":1}}]}},"b":{"0":[8]},"fnMap":{"0":{"name":"Profile","decl":{"start":{"line":14,"column":16},"end":{"line":14,"column":74}},"loc":{"start":{"line":14,"column":16},"end":{"line":14,"column":74}},"line":14},"1":{"name":"App","decl":{"start":{"line":16,"column":0},"end":{"line":64,"column":1}},"loc":{"start":{"line":16,"column":0},"end":{"line":64,"column":1}},"line":16}},"f":{"0":0,"1":8}}
,"C:\\Users\\alimi\\Desktop\\webdev\\app-environment-practice\\apps-frontend\\src\\api\\client.ts": {"path":"C:\\Users\\alimi\\Desktop\\webdev\\app-environment-practice\\apps-frontend\\src\\api\\client.ts","all":false,"statementMap":{"0":{"start":{"line":1,"column":0},"end":{"line":1,"column":33}},"2":{"start":{"line":3,"column":0},"end":{"line":3,"column":41}},"10":{"start":{"line":11,"column":0},"end":{"line":11,"column":39}},"11":{"start":{"line":12,"column":0},"end":{"line":12,"column":39}},"12":{"start":{"line":13,"column":0},"end":{"line":13,"column":25}},"13":{"start":{"line":14,"column":0},"end":{"line":14,"column":29}},"14":{"start":{"line":15,"column":0},"end":{"line":15,"column":3}},"15":{"start":{"line":16,"column":0},"end":{"line":16,"column":1}},"17":{"start":{"line":18,"column":0},"end":{"line":18,"column":66}},"18":{"start":{"line":19,"column":0},"end":{"line":19,"column":21}},"19":{"start":{"line":20,"column":0},"end":{"line":20,"column":28}},"20":{"start":{"line":21,"column":0},"end":{"line":21,"column":9}},"21":{"start":{"line":22,"column":0},"end":{"line":22,"column":40}},"22":{"start":{"line":23,"column":0},"end":{"line":23,"column":13}},"23":{"start":{"line":24,"column":0},"end":{"line":24,"column":82}},"24":{"start":{"line":25,"column":0},"end":{"line":25,"column":5}},"25":{"start":{"line":26,"column":0},"end":{"line":26,"column":26}},"26":{"start":{"line":27,"column":0},"end":{"line":27,"column":19}},"27":{"start":{"line":28,"column":0},"end":{"line":28,"column":34}},"28":{"start":{"line":29,"column":0},"end":{"line":29,"column":7}},"29":{"start":{"line":30,"column":0},"end":{"line":30,"column":3}},"31":{"start":{"line":32,"column":0},"end":{"line":32,"column":32}},"32":{"start":{"line":33,"column":0},"end":{"line":33,"column":19}},"33":{"start":{"line":34,"column":0},"end":{"line":34,"column":3}},"35":{"start":{"line":36,"column":0},"end":{"line":36,"column":37}},"36":{"start":{"line":37,"column":0},"end":{"line":37,"column":14}},"37":{"start":{"line":38,"column":0},"end":{"line":38,"column":19}},"38":{"start":{"line":39,"column":0},"end":{"line":39,"column":3}},"40":{"start":{"line":41,"column":0},"end":{"line":41,"column":7}},"41":{"start":{"line":42,"column":0},"end":{"line":42,"column":33}},"42":{"start":{"line":43,"column":0},"end":{"line":43,"column":11}},"43":{"start":{"line":44,"column":0},"end":{"line":44,"column":32}},"44":{"start":{"line":45,"column":0},"end":{"line":45,"column":3}},"45":{"start":{"line":46,"column":0},"end":{"line":46,"column":1}},"51":{"start":{"line":52,"column":0},"end":{"line":52,"column":87}},"52":{"start":{"line":53,"column":0},"end":{"line":53,"column":47}},"54":{"start":{"line":55,"column":0},"end":{"line":55,"column":92}},"55":{"start":{"line":56,"column":0},"end":{"line":56,"column":15}},"56":{"start":{"line":57,"column":0},"end":{"line":57,"column":54}},"57":{"start":{"line":58,"column":0},"end":{"line":58,"column":50}},"58":{"start":{"line":59,"column":0},"end":{"line":59,"column":44}},"59":{"start":{"line":60,"column":0},"end":{"line":60,"column":7}},"60":{"start":{"line":61,"column":0},"end":{"line":61,"column":7}},"61":{"start":{"line":62,"column":0},"end":{"line":62,"column":3}},"64":{"start":{"line":65,"column":0},"end":{"line":65,"column":44}},"66":{"start":{"line":67,"column":0},"end":{"line":67,"column":31}},"67":{"start":{"line":68,"column":0},"end":{"line":68,"column":14}},"68":{"start":{"line":69,"column":0},"end":{"line":69,"column":41}},"69":{"start":{"line":70,"column":0},"end":{"line":70,"column":61}},"70":{"start":{"line":71,"column":0},"end":{"line":71,"column":17}},"71":{"start":{"line":72,"column":0},"end":{"line":72,"column":6}},"72":{"start":{"line":73,"column":0},"end":{"line":73,"column":12}},"73":{"start":{"line":74,"column":0},"end":{"line":74,"column":4}},"75":{"start":{"line":76,"column":0},"end":{"line":76,"column":7}},"76":{"start":{"line":77,"column":0},"end":{"line":77,"column":57}},"77":{"start":{"line":78,"column":0},"end":{"line":78,"column":45}},"78":{"start":{"line":79,"column":0},"end":{"line":79,"column":19}},"79":{"start":{"line":80,"column":0},"end":{"line":80,"column":38}},"80":{"start":{"line":81,"column":0},"end":{"line":81,"column":18}},"81":{"start":{"line":82,"column":0},"end":{"line":82,"column":5}},"82":{"start":{"line":83,"column":0},"end":{"line":83,"column":26}},"83":{"start":{"line":84,"column":0},"end":{"line":84,"column":72}},"84":{"start":{"line":85,"column":0},"end":{"line":85,"column":7}},"85":{"start":{"line":86,"column":0},"end":{"line":86,"column":3}},"86":{"start":{"line":87,"column":0},"end":{"line":87,"column":1}},"88":{"start":{"line":89,"column":0},"end":{"line":89,"column":23}},"89":{"start":{"line":90,"column":0},"end":{"line":90,"column":57}},"90":{"start":{"line":91,"column":0},"end":{"line":91,"column":56}},"92":{"start":{"line":93,"column":0},"end":{"line":93,"column":74}},"93":{"start":{"line":94,"column":0},"end":{"line":94,"column":26}},"94":{"start":{"line":95,"column":0},"end":{"line":95,"column":17}},"95":{"start":{"line":96,"column":0},"end":{"line":96,"column":21}},"96":{"start":{"line":97,"column":0},"end":{"line":97,"column":33}},"97":{"start":{"line":98,"column":0},"end":{"line":98,"column":7}},"99":{"start":{"line":100,"column":0},"end":{"line":100,"column":73}},"100":{"start":{"line":101,"column":0},"end":{"line":101,"column":26}},"101":{"start":{"line":102,"column":0},"end":{"line":102,"column":17}},"102":{"start":{"line":103,"column":0},"end":{"line":103,"column":20}},"103":{"start":{"line":104,"column":0},"end":{"line":104,"column":33}},"104":{"start":{"line":105,"column":0},"end":{"line":105,"column":7}},"106":{"start":{"line":107,"column":0},"end":{"line":107,"column":75}},"107":{"start":{"line":108,"column":0},"end":{"line":108,"column":26}},"108":{"start":{"line":109,"column":0},"end":{"line":109,"column":17}},"109":{"start":{"line":110,"column":0},"end":{"line":110,"column":22}},"110":{"start":{"line":111,"column":0},"end":{"line":111,"column":33}},"111":{"start":{"line":112,"column":0},"end":{"line":112,"column":7}},"113":{"start":{"line":114,"column":0},"end":{"line":114,"column":60}},"114":{"start":{"line":115,"column":0},"end":{"line":115,"column":59}},"115":{"start":{"line":116,"column":0},"end":{"line":116,"column":2}}},"s":{"0":1,"2":1,"10":1,"11":1,"12":4,"13":4,"14":4,"15":1,"17":32,"18":32,"19":4,"20":4,"21":4,"22":2,"23":2,"24":2,"25":4,"26":4,"27":4,"28":4,"29":4,"31":32,"32":0,"33":0,"35":28,"36":32,"37":0,"38":0,"40":28,"41":28,"42":32,"43":0,"44":0,"45":32,"51":32,"52":32,"54":32,"55":32,"56":0,"57":0,"58":0,"59":0,"60":0,"61":0,"64":32,"66":32,"67":32,"68":32,"69":32,"70":32,"71":32,"72":32,"73":32,"75":32,"76":32,"77":32,"78":32,"79":4,"80":4,"81":4,"82":0,"83":4,"84":4,"85":4,"86":32,"88":1,"89":1,"90":28,"92":1,"93":3,"94":3,"95":3,"96":3,"97":3,"99":1,"100":0,"101":0,"102":0,"103":0,"104":0,"106":1,"107":1,"108":1,"109":1,"110":1,"111":1,"113":1,"114":0,"115":1},"branchMap":{"0":{"type":"branch","line":12,"loc":{"start":{"line":12,"column":2},"end":{"line":15,"column":3}},"locations":[{"start":{"line":12,"column":2},"end":{"line":15,"column":3}}]},"1":{"type":"branch","line":18,"loc":{"start":{"line":18,"column":0},"end":{"line":46,"column":1}},"locations":[{"start":{"line":18,"column":0},"end":{"line":46,"column":1}}]},"2":{"type":"branch","line":19,"loc":{"start":{"line":19,"column":20},"end":{"line":30,"column":3}},"locations":[{"start":{"line":19,"column":20},"end":{"line":30,"column":3}}]},"3":{"type":"branch","line":22,"loc":{"start":{"line":22,"column":38},"end":{"line":25,"column":5}},"locations":[{"start":{"line":22,"column":38},"end":{"line":25,"column":5}}]},"4":{"type":"branch","line":24,"loc":{"start":{"line":24,"column":38},"end":{"line":24,"column":80}},"locations":[{"start":{"line":24,"column":38},"end":{"line":24,"column":80}}]},"5":{"type":"branch","line":30,"loc":{"start":{"line":30,"column":2},"end":{"line":32,"column":31}},"locations":[{"start":{"line":30,"column":2},"end":{"line":32,"column":31}}]},"6":{"type":"branch","line":32,"loc":{"start":{"line":32,"column":31},"end":{"line":34,"column":3}},"locations":[{"start":{"line":32,"column":31},"end":{"line":34,"column":3}}]},"7":{"type":"branch","line":34,"loc":{"start":{"line":34,"column":2},"end":{"line":37,"column":13}},"locations":[{"start":{"line":34,"column":2},"end":{"line":37,"column":13}}]},"8":{"type":"branch","line":37,"loc":{"start":{"line":37,"column":13},"end":{"line":39,"column":3}},"locations":[{"start":{"line":37,"column":13},"end":{"line":39,"column":3}}]},"9":{"type":"branch","line":39,"loc":{"start":{"line":39,"column":2},"end":{"line":43,"column":10}},"locations":[{"start":{"line":39,"column":2},"end":{"line":43,"column":10}}]},"10":{"type":"branch","line":43,"loc":{"start":{"line":43,"column":2},"end":{"line":45,"column":3}},"locations":[{"start":{"line":43,"column":2},"end":{"line":45,"column":3}}]},"11":{"type":"branch","line":52,"loc":{"start":{"line":52,"column":0},"end":{"line":87,"column":1}},"locations":[{"start":{"line":52,"column":0},"end":{"line":87,"column":1}}]},"12":{"type":"branch","line":55,"loc":{"start":{"line":55,"column":63},"end":{"line":55,"column":88}},"locations":[{"start":{"line":55,"column":63},"end":{"line":55,"column":88}}]},"13":{"type":"branch","line":56,"loc":{"start":{"line":56,"column":14},"end":{"line":62,"column":3}},"locations":[{"start":{"line":56,"column":14},"end":{"line":62,"column":3}}]},"14":{"type":"branch","line":70,"loc":{"start":{"line":70,"column":10},"end":{"line":70,"column":57}},"locations":[{"start":{"line":70,"column":10},"end":{"line":70,"column":57}}]},"15":{"type":"branch","line":79,"loc":{"start":{"line":79,"column":2},"end":{"line":86,"column":3}},"locations":[{"start":{"line":79,"column":2},"end":{"line":86,"column":3}}]},"16":{"type":"branch","line":82,"loc":{"start":{"line":82,"column":4},"end":{"line":84,"column":56}},"locations":[{"start":{"line":82,"column":4},"end":{"line":84,"column":56}}]},"17":{"type":"branch","line":84,"loc":{"start":{"line":84,"column":46},"end":{"line":84,"column":72}},"locations":[{"start":{"line":84,"column":46},"end":{"line":84,"column":72}}]},"18":{"type":"branch","line":90,"loc":{"start":{"line":90,"column":7},"end":{"line":91,"column":56}},"locations":[{"start":{"line":90,"column":7},"end":{"line":91,"column":56}}]},"19":{"type":"branch","line":93,"loc":{"start":{"line":93,"column":8},"end":{"line":98,"column":7}},"locations":[{"start":{"line":93,"column":8},"end":{"line":98,"column":7}}]},"20":{"type":"branch","line":107,"loc":{"start":{"line":107,"column":9},"end":{"line":112,"column":7}},"locations":[{"start":{"line":107,"column":9},"end":{"line":112,"column":7}}]}},"b":{"0":[4],"1":[32],"2":[4],"3":[2],"4":[0],"5":[28],"6":[0],"7":[28],"8":[0],"9":[28],"10":[0],"11":[32],"12":[0],"13":[0],"14":[0],"15":[4],"16":[0],"17":[0],"18":[28],"19":[3],"20":[1]},"fnMap":{"0":{"name":"FetchError","decl":{"start":{"line":12,"column":2},"end":{"line":15,"column":3}},"loc":{"start":{"line":12,"column":2},"end":{"line":15,"column":3}},"line":12},"1":{"name":"handleResponse","decl":{"start":{"line":18,"column":0},"end":{"line":46,"column":1}},"loc":{"start":{"line":18,"column":0},"end":{"line":46,"column":1}},"line":18},"2":{"name":"request","decl":{"start":{"line":52,"column":0},"end":{"line":87,"column":1}},"loc":{"start":{"line":52,"column":0},"end":{"line":87,"column":1}},"line":52},"3":{"name":"get","decl":{"start":{"line":90,"column":7},"end":{"line":91,"column":56}},"loc":{"start":{"line":90,"column":7},"end":{"line":91,"column":56}},"line":90},"4":{"name":"post","decl":{"start":{"line":93,"column":8},"end":{"line":98,"column":7}},"loc":{"start":{"line":93,"column":8},"end":{"line":98,"column":7}},"line":93},"5":{"name":"put","decl":{"start":{"line":100,"column":7},"end":{"line":105,"column":7}},"loc":{"start":{"line":100,"column":7},"end":{"line":105,"column":7}},"line":100},"6":{"name":"patch","decl":{"start":{"line":107,"column":9},"end":{"line":112,"column":7}},"loc":{"start":{"line":107,"column":9},"end":{"line":112,"column":7}},"line":107},"7":{"name":"delete","decl":{"start":{"line":114,"column":10},"end":{"line":115,"column":59}},"loc":{"start":{"line":114,"column":10},"end":{"line":115,"column":59}},"line":114}},"f":{"0":4,"1":32,"2":32,"3":28,"4":3,"5":0,"6":1,"7":0}}
,"C:\\Users\\alimi\\Desktop\\webdev\\app-environment-practice\\apps-frontend\\src\\components\\ErrorBoundary.tsx": {"path":"C:\\Users\\alimi\\Desktop\\webdev\\app-environment-practice\\apps-frontend\\src\\components\\ErrorBoundary.tsx","all":true,"statementMap":{"0":{"start":{"line":1,"column":0},"end":{"line":1,"column":63}},"11":{"start":{"line":12,"column":0},"end":{"line":12,"column":53}},"12":{"start":{"line":13,"column":0},"end":{"line":13,"column":25}},"13":{"start":{"line":14,"column":0},"end":{"line":14,"column":20}},"14":{"start":{"line":15,"column":0},"end":{"line":15,"column":4}},"16":{"start":{"line":17,"column":0},"end":{"line":17,"column":63}},"17":{"start":{"line":18,"column":0},"end":{"line":18,"column":37}},"18":{"start":{"line":19,"column":0},"end":{"line":19,"column":3}},"20":{"start":{"line":21,"column":0},"end":{"line":21,"column":64}},"21":{"start":{"line":22,"column":0},"end":{"line":22,"column":55}},"22":{"start":{"line":23,"column":0},"end":{"line":23,"column":3}},"24":{"start":{"line":25,"column":0},"end":{"line":25,"column":19}},"25":{"start":{"line":26,"column":0},"end":{"line":26,"column":30}},"26":{"start":{"line":27,"column":0},"end":{"line":27,"column":14}},"27":{"start":{"line":28,"column":0},"end":{"line":28,"column":87}},"28":{"start":{"line":29,"column":0},"end":{"line":29,"column":65}},"29":{"start":{"line":30,"column":0},"end":{"line":30,"column":86}},"30":{"start":{"line":31,"column":0},"end":{"line":31,"column":41}},"32":{"start":{"line":33,"column":0},"end":{"line":33,"column":16}},"33":{"start":{"line":34,"column":0},"end":{"line":34,"column":19}},"34":{"start":{"line":35,"column":0},"end":{"line":35,"column":54}},"35":{"start":{"line":36,"column":0},"end":{"line":36,"column":246}},"36":{"start":{"line":37,"column":0},"end":{"line":37,"column":13}},"38":{"start":{"line":39,"column":0},"end":{"line":39,"column":21}},"39":{"start":{"line":40,"column":0},"end":{"line":40,"column":34}},"40":{"start":{"line":41,"column":0},"end":{"line":41,"column":114}},"41":{"start":{"line":42,"column":0},"end":{"line":42,"column":42}},"42":{"start":{"line":43,"column":0},"end":{"line":43,"column":20}},"44":{"start":{"line":45,"column":0},"end":{"line":45,"column":16}},"45":{"start":{"line":46,"column":0},"end":{"line":46,"column":14}},"47":{"start":{"line":48,"column":0},"end":{"line":48,"column":5}},"49":{"start":{"line":50,"column":0},"end":{"line":50,"column":31}},"50":{"start":{"line":51,"column":0},"end":{"line":51,"column":3}},"51":{"start":{"line":52,"column":0},"end":{"line":52,"column":1}},"53":{"start":{"line":54,"column":0},"end":{"line":54,"column":29}}},"s":{"0":0,"11":0,"12":0,"13":0,"14":0,"16":0,"17":0,"18":0,"20":0,"21":0,"22":0,"24":0,"25":0,"26":0,"27":0,"28":0,"29":0,"30":0,"32":0,"33":0,"34":0,"35":0,"36":0,"38":0,"39":0,"40":0,"41":0,"42":0,"44":0,"45":0,"47":0,"49":0,"50":0,"51":0,"53":0},"branchMap":{"0":{"type":"branch","line":1,"loc":{"start":{"line":1,"column":1738},"end":{"line":54,"column":29}},"locations":[{"start":{"line":1,"column":1738},"end":{"line":54,"column":29}}]}},"b":{"0":[0]},"fnMap":{"0":{"name":"(empty-report)","decl":{"start":{"line":1,"column":1738},"end":{"line":54,"column":29}},"loc":{"start":{"line":1,"column":1738},"end":{"line":54,"column":29}},"line":1}},"f":{"0":0}}
,"C:\\Users\\alimi\\Desktop\\webdev\\app-environment-practice\\apps-frontend\\src\\components\\GlobalLoadingSpinner.tsx": {"path":"C:\\Users\\alimi\\Desktop\\webdev\\app-environment-practice\\apps-frontend\\src\\components\\GlobalLoadingSpinner.tsx","all":false,"statementMap":{"1":{"start":{"line":2,"column":0},"end":{"line":2,"column":54}},"2":{"start":{"line":3,"column":0},"end":{"line":3,"column":39}},"3":{"start":{"line":4,"column":0},"end":{"line":4,"column":33}},"5":{"start":{"line":6,"column":0},"end":{"line":6,"column":46}},"6":{"start":{"line":7,"column":0},"end":{"line":7,"column":37}},"8":{"start":{"line":9,"column":0},"end":{"line":9,"column":36}},"10":{"start":{"line":11,"column":0},"end":{"line":11,"column":10}},"11":{"start":{"line":12,"column":0},"end":{"line":12,"column":100}},"12":{"start":{"line":13,"column":0},"end":{"line":13,"column":25}},"13":{"start":{"line":14,"column":0},"end":{"line":14,"column":170}},"14":{"start":{"line":15,"column":0},"end":{"line":15,"column":9}},"15":{"start":{"line":16,"column":0},"end":{"line":16,"column":52}},"16":{"start":{"line":17,"column":0},"end":{"line":17,"column":88}},"17":{"start":{"line":18,"column":0},"end":{"line":18,"column":12}},"18":{"start":{"line":19,"column":0},"end":{"line":19,"column":10}},"20":{"start":{"line":21,"column":0},"end":{"line":21,"column":2}},"22":{"start":{"line":23,"column":0},"end":{"line":23,"column":36}}},"s":{"1":1,"2":1,"3":1,"5":1,"6":8,"8":8,"10":0,"11":0,"12":0,"13":0,"14":0,"15":0,"16":0,"17":0,"18":0,"20":0,"22":1},"branchMap":{"0":{"type":"branch","line":6,"loc":{"start":{"line":6,"column":39},"end":{"line":21,"column":2}},"locations":[{"start":{"line":6,"column":39},"end":{"line":21,"column":2}}]},"1":{"type":"branch","line":9,"loc":{"start":{"line":9,"column":31},"end":{"line":21,"column":2}},"locations":[{"start":{"line":9,"column":31},"end":{"line":21,"column":2}}]}},"b":{"0":[8],"1":[0]},"fnMap":{"0":{"name":"GlobalLoadingSpinner","decl":{"start":{"line":6,"column":39},"end":{"line":21,"column":2}},"loc":{"start":{"line":6,"column":39},"end":{"line":21,"column":2}},"line":6}},"f":{"0":8}}
,"C:\\Users\\alimi\\Desktop\\webdev\\app-environment-practice\\apps-frontend\\src\\components\\Layout.tsx": {"path":"C:\\Users\\alimi\\Desktop\\webdev\\app-environment-practice\\apps-frontend\\src\\components\\Layout.tsx","all":false,"statementMap":{"1":{"start":{"line":2,"column":0},"end":{"line":2,"column":30}},"7":{"start":{"line":8,"column":0},"end":{"line":8,"column":47}},"8":{"start":{"line":9,"column":0},"end":{"line":9,"column":10}},"9":{"start":{"line":10,"column":0},"end":{"line":10,"column":45}},"10":{"start":{"line":11,"column":0},"end":{"line":11,"column":16}},"11":{"start":{"line":12,"column":0},"end":{"line":12,"column":68}},"12":{"start":{"line":13,"column":0},"end":{"line":13,"column":18}},"13":{"start":{"line":14,"column":0},"end":{"line":14,"column":13}},"14":{"start":{"line":15,"column":0},"end":{"line":15,"column":10}},"16":{"start":{"line":17,"column":0},"end":{"line":17,"column":2}},"18":{"start":{"line":19,"column":0},"end":{"line":19,"column":22}}},"s":{"1":1,"7":1,"8":7,"9":7,"10":7,"11":7,"12":7,"13":7,"14":7,"16":7,"18":1},"branchMap":{"0":{"type":"branch","line":8,"loc":{"start":{"line":8,"column":15},"end":{"line":17,"column":2}},"locations":[{"start":{"line":8,"column":15},"end":{"line":17,"column":2}}]}},"b":{"0":[7]},"fnMap":{"0":{"name":"Layout","decl":{"start":{"line":8,"column":15},"end":{"line":17,"column":2}},"loc":{"start":{"line":8,"column":15},"end":{"line":17,"column":2}},"line":8}},"f":{"0":7}}
,"C:\\Users\\alimi\\Desktop\\webdev\\app-environment-practice\\apps-frontend\\src\\components\\Modal.tsx": {"path":"C:\\Users\\alimi\\Desktop\\webdev\\app-environment-practice\\apps-frontend\\src\\components\\Modal.tsx","all":false,"statementMap":{"1":{"start":{"line":2,"column":0},"end":{"line":2,"column":33}},"2":{"start":{"line":3,"column":0},"end":{"line":3,"column":33}},"12":{"start":{"line":13,"column":0},"end":{"line":13,"column":90}},"13":{"start":{"line":14,"column":0},"end":{"line":14,"column":27}},"15":{"start":{"line":16,"column":0},"end":{"line":16,"column":10}},"16":{"start":{"line":17,"column":0},"end":{"line":17,"column":9}},"17":{"start":{"line":18,"column":0},"end":{"line":18,"column":96}},"18":{"start":{"line":19,"column":0},"end":{"line":19,"column":23}},"20":{"start":{"line":21,"column":0},"end":{"line":21,"column":11}},"21":{"start":{"line":22,"column":0},"end":{"line":22,"column":44}},"22":{"start":{"line":23,"column":0},"end":{"line":23,"column":22}},"23":{"start":{"line":24,"column":0},"end":{"line":24,"column":114}},"24":{"start":{"line":25,"column":0},"end":{"line":25,"column":19}},"25":{"start":{"line":26,"column":0},"end":{"line":26,"column":10}},"27":{"start":{"line":28,"column":0},"end":{"line":28,"column":78}},"28":{"start":{"line":29,"column":0},"end":{"line":29,"column":74}},"29":{"start":{"line":30,"column":0},"end":{"line":30,"column":17}},"30":{"start":{"line":31,"column":0},"end":{"line":31,"column":29}},"31":{"start":{"line":32,"column":0},"end":{"line":32,"column":75}},"33":{"start":{"line":34,"column":0},"end":{"line":34,"column":27}},"34":{"start":{"line":35,"column":0},"end":{"line":35,"column":19}},"35":{"start":{"line":36,"column":0},"end":{"line":36,"column":14}},"36":{"start":{"line":37,"column":0},"end":{"line":37,"column":35}},"37":{"start":{"line":38,"column":0},"end":{"line":38,"column":20}},"38":{"start":{"line":39,"column":0},"end":{"line":39,"column":14}},"39":{"start":{"line":40,"column":0},"end":{"line":40,"column":12}},"40":{"start":{"line":41,"column":0},"end":{"line":41,"column":10}},"42":{"start":{"line":43,"column":0},"end":{"line":43,"column":2}},"44":{"start":{"line":45,"column":0},"end":{"line":45,"column":21}}},"s":{"1":1,"2":1,"12":1,"13":34,"15":9,"16":9,"17":9,"18":9,"20":9,"21":9,"22":9,"23":9,"24":9,"25":9,"27":9,"28":9,"29":9,"30":9,"31":9,"33":9,"34":9,"35":9,"36":9,"37":9,"38":9,"39":9,"40":9,"42":9,"44":1},"branchMap":{"0":{"type":"branch","line":13,"loc":{"start":{"line":13,"column":36},"end":{"line":43,"column":2}},"locations":[{"start":{"line":13,"column":36},"end":{"line":43,"column":2}}]},"1":{"type":"branch","line":14,"loc":{"start":{"line":14,"column":15},"end":{"line":14,"column":27}},"locations":[{"start":{"line":14,"column":15},"end":{"line":14,"column":27}}]},"2":{"type":"branch","line":14,"loc":{"start":{"line":14,"column":22},"end":{"line":43,"column":2}},"locations":[{"start":{"line":14,"column":22},"end":{"line":43,"column":2}}]},"3":{"type":"branch","line":22,"loc":{"start":{"line":22,"column":17},"end":{"line":22,"column":44}},"locations":[{"start":{"line":22,"column":17},"end":{"line":22,"column":44}}]}},"b":{"0":[34],"1":[25],"2":[9],"3":[2]},"fnMap":{"0":{"name":"Modal","decl":{"start":{"line":13,"column":36},"end":{"line":43,"column":2}},"loc":{"start":{"line":13,"column":36},"end":{"line":43,"column":2}},"line":13},"1":{"name":"onClick","decl":{"start":{"line":22,"column":17},"end":{"line":22,"column":44}},"loc":{"start":{"line":22,"column":17},"end":{"line":22,"column":44}},"line":22}},"f":{"0":34,"1":2}}
,"C:\\Users\\alimi\\Desktop\\webdev\\app-environment-practice\\apps-frontend\\src\\components\\Navbar.tsx": {"path":"C:\\Users\\alimi\\Desktop\\webdev\\app-environment-practice\\apps-frontend\\src\\components\\Navbar.tsx","all":false,"statementMap":{"0":{"start":{"line":1,"column":0},"end":{"line":1,"column":26}},"1":{"start":{"line":2,"column":0},"end":{"line":2,"column":55}},"2":{"start":{"line":3,"column":0},"end":{"line":3,"column":66}},"3":{"start":{"line":4,"column":0},"end":{"line":4,"column":9}},"11":{"start":{"line":12,"column":0},"end":{"line":12,"column":63}},"12":{"start":{"line":13,"column":0},"end":{"line":13,"column":37}},"14":{"start":{"line":15,"column":0},"end":{"line":15,"column":22}},"15":{"start":{"line":16,"column":0},"end":{"line":16,"column":33}},"16":{"start":{"line":17,"column":0},"end":{"line":17,"column":33}},"17":{"start":{"line":18,"column":0},"end":{"line":18,"column":33}},"18":{"start":{"line":19,"column":0},"end":{"line":19,"column":53}},"19":{"start":{"line":20,"column":0},"end":{"line":20,"column":52}},"21":{"start":{"line":22,"column":0},"end":{"line":22,"column":30}},"22":{"start":{"line":23,"column":0},"end":{"line":23,"column":23}},"23":{"start":{"line":24,"column":0},"end":{"line":24,"column":23}},"24":{"start":{"line":25,"column":0},"end":{"line":25,"column":4}},"26":{"start":{"line":27,"column":0},"end":{"line":27,"column":64}},"28":{"start":{"line":29,"column":0},"end":{"line":29,"column":94}},"30":{"start":{"line":31,"column":0},"end":{"line":31,"column":10}},"31":{"start":{"line":32,"column":0},"end":{"line":32,"column":73}},"32":{"start":{"line":33,"column":0},"end":{"line":33,"column":62}},"33":{"start":{"line":34,"column":0},"end":{"line":34,"column":51}},"34":{"start":{"line":35,"column":0},"end":{"line":35,"column":32}},"35":{"start":{"line":36,"column":0},"end":{"line":36,"column":61}},"36":{"start":{"line":37,"column":0},"end":{"line":37,"column":78}},"37":{"start":{"line":38,"column":0},"end":{"line":38,"column":108}},"38":{"start":{"line":39,"column":0},"end":{"line":39,"column":68}},"39":{"start":{"line":40,"column":0},"end":{"line":40,"column":22}},"40":{"start":{"line":41,"column":0},"end":{"line":41,"column":129}},"42":{"start":{"line":43,"column":0},"end":{"line":43,"column":23}},"43":{"start":{"line":44,"column":0},"end":{"line":44,"column":21}},"44":{"start":{"line":45,"column":0},"end":{"line":45,"column":18}},"46":{"start":{"line":47,"column":0},"end":{"line":47,"column":78}},"47":{"start":{"line":48,"column":0},"end":{"line":48,"column":19}},"48":{"start":{"line":49,"column":0},"end":{"line":49,"column":31}},"49":{"start":{"line":50,"column":0},"end":{"line":50,"column":86}},"50":{"start":{"line":51,"column":0},"end":{"line":51,"column":40}},"51":{"start":{"line":52,"column":0},"end":{"line":52,"column":96}},"52":{"start":{"line":53,"column":0},"end":{"line":53,"column":74}},"53":{"start":{"line":54,"column":0},"end":{"line":54,"column":19}},"54":{"start":{"line":55,"column":0},"end":{"line":55,"column":15}},"56":{"start":{"line":57,"column":0},"end":{"line":57,"column":21}},"57":{"start":{"line":58,"column":0},"end":{"line":58,"column":29}},"58":{"start":{"line":59,"column":0},"end":{"line":59,"column":21}},"59":{"start":{"line":60,"column":0},"end":{"line":60,"column":29}},"60":{"start":{"line":61,"column":0},"end":{"line":61,"column":88}},"61":{"start":{"line":62,"column":0},"end":{"line":62,"column":38}},"62":{"start":{"line":63,"column":0},"end":{"line":63,"column":98}},"63":{"start":{"line":64,"column":0},"end":{"line":64,"column":76}},"64":{"start":{"line":65,"column":0},"end":{"line":65,"column":21}},"65":{"start":{"line":66,"column":0},"end":{"line":66,"column":17}},"67":{"start":{"line":68,"column":0},"end":{"line":68,"column":23}},"69":{"start":{"line":70,"column":0},"end":{"line":70,"column":18}},"70":{"start":{"line":71,"column":0},"end":{"line":71,"column":16}},"72":{"start":{"line":73,"column":0},"end":{"line":73,"column":72}},"73":{"start":{"line":74,"column":0},"end":{"line":74,"column":112}},"74":{"start":{"line":75,"column":0},"end":{"line":75,"column":55}},"75":{"start":{"line":76,"column":0},"end":{"line":76,"column":83}},"76":{"start":{"line":77,"column":0},"end":{"line":77,"column":66}},"77":{"start":{"line":78,"column":0},"end":{"line":78,"column":23}},"78":{"start":{"line":79,"column":0},"end":{"line":79,"column":71}},"79":{"start":{"line":80,"column":0},"end":{"line":80,"column":51}},"80":{"start":{"line":81,"column":0},"end":{"line":81,"column":23}},"81":{"start":{"line":82,"column":0},"end":{"line":82,"column":20}},"82":{"start":{"line":83,"column":0},"end":{"line":83,"column":124}},"83":{"start":{"line":84,"column":0},"end":{"line":84,"column":64}},"84":{"start":{"line":85,"column":0},"end":{"line":85,"column":20}},"85":{"start":{"line":86,"column":0},"end":{"line":86,"column":18}},"87":{"start":{"line":88,"column":0},"end":{"line":88,"column":19}},"88":{"start":{"line":89,"column":0},"end":{"line":89,"column":36}},"89":{"start":{"line":90,"column":0},"end":{"line":90,"column":216}},"91":{"start":{"line":92,"column":0},"end":{"line":92,"column":44}},"93":{"start":{"line":94,"column":0},"end":{"line":94,"column":21}},"94":{"start":{"line":95,"column":0},"end":{"line":95,"column":16}},"96":{"start":{"line":97,"column":0},"end":{"line":97,"column":55}},"97":{"start":{"line":98,"column":0},"end":{"line":98,"column":19}},"98":{"start":{"line":99,"column":0},"end":{"line":99,"column":48}},"99":{"start":{"line":100,"column":0},"end":{"line":100,"column":169}},"101":{"start":{"line":102,"column":0},"end":{"line":102,"column":61}},"102":{"start":{"line":103,"column":0},"end":{"line":103,"column":81}},"103":{"start":{"line":104,"column":0},"end":{"line":104,"column":21}},"104":{"start":{"line":105,"column":0},"end":{"line":105,"column":16}},"105":{"start":{"line":106,"column":0},"end":{"line":106,"column":14}},"106":{"start":{"line":107,"column":0},"end":{"line":107,"column":12}},"109":{"start":{"line":110,"column":0},"end":{"line":110,"column":18}},"110":{"start":{"line":111,"column":0},"end":{"line":111,"column":244}},"111":{"start":{"line":112,"column":0},"end":{"line":112,"column":52}},"112":{"start":{"line":113,"column":0},"end":{"line":113,"column":17}},"113":{"start":{"line":114,"column":0},"end":{"line":114,"column":29}},"114":{"start":{"line":115,"column":0},"end":{"line":115,"column":46}},"115":{"start":{"line":116,"column":0},"end":{"line":116,"column":115}},"116":{"start":{"line":117,"column":0},"end":{"line":117,"column":38}},"117":{"start":{"line":118,"column":0},"end":{"line":118,"column":50}},"118":{"start":{"line":119,"column":0},"end":{"line":119,"column":72}},"119":{"start":{"line":120,"column":0},"end":{"line":120,"column":17}},"121":{"start":{"line":122,"column":0},"end":{"line":122,"column":53}},"123":{"start":{"line":124,"column":0},"end":{"line":124,"column":19}},"124":{"start":{"line":125,"column":0},"end":{"line":125,"column":27}},"125":{"start":{"line":126,"column":0},"end":{"line":126,"column":19}},"126":{"start":{"line":127,"column":0},"end":{"line":127,"column":27}},"127":{"start":{"line":128,"column":0},"end":{"line":128,"column":48}},"128":{"start":{"line":129,"column":0},"end":{"line":129,"column":117}},"129":{"start":{"line":130,"column":0},"end":{"line":130,"column":36}},"130":{"start":{"line":131,"column":0},"end":{"line":131,"column":52}},"131":{"start":{"line":132,"column":0},"end":{"line":132,"column":74}},"132":{"start":{"line":133,"column":0},"end":{"line":133,"column":19}},"134":{"start":{"line":135,"column":0},"end":{"line":135,"column":45}},"136":{"start":{"line":137,"column":0},"end":{"line":137,"column":21}},"138":{"start":{"line":139,"column":0},"end":{"line":139,"column":69}},"139":{"start":{"line":140,"column":0},"end":{"line":140,"column":59}},"140":{"start":{"line":141,"column":0},"end":{"line":141,"column":128}},"141":{"start":{"line":142,"column":0},"end":{"line":142,"column":66}},"142":{"start":{"line":143,"column":0},"end":{"line":143,"column":22}},"143":{"start":{"line":144,"column":0},"end":{"line":144,"column":38}},"144":{"start":{"line":145,"column":0},"end":{"line":145,"column":81}},"145":{"start":{"line":146,"column":0},"end":{"line":146,"column":68}},"146":{"start":{"line":147,"column":0},"end":{"line":147,"column":24}},"147":{"start":{"line":148,"column":0},"end":{"line":148,"column":80}},"148":{"start":{"line":149,"column":0},"end":{"line":149,"column":53}},"149":{"start":{"line":150,"column":0},"end":{"line":150,"column":24}},"150":{"start":{"line":151,"column":0},"end":{"line":151,"column":22}},"151":{"start":{"line":152,"column":0},"end":{"line":152,"column":20}},"152":{"start":{"line":153,"column":0},"end":{"line":153,"column":21}},"153":{"start":{"line":154,"column":0},"end":{"line":154,"column":38}},"154":{"start":{"line":155,"column":0},"end":{"line":155,"column":150}},"156":{"start":{"line":157,"column":0},"end":{"line":157,"column":46}},"158":{"start":{"line":159,"column":0},"end":{"line":159,"column":23}},"159":{"start":{"line":160,"column":0},"end":{"line":160,"column":18}},"160":{"start":{"line":161,"column":0},"end":{"line":161,"column":16}},"161":{"start":{"line":162,"column":0},"end":{"line":162,"column":14}},"163":{"start":{"line":164,"column":0},"end":{"line":164,"column":10}},"165":{"start":{"line":166,"column":0},"end":{"line":166,"column":2}},"167":{"start":{"line":168,"column":0},"end":{"line":168,"column":22}}},"s":{"0":1,"1":1,"2":1,"3":1,"11":1,"12":1,"14":1,"15":7,"16":7,"17":7,"18":7,"19":7,"21":7,"22":0,"23":0,"24":0,"26":7,"28":7,"30":7,"31":7,"32":7,"33":7,"34":7,"35":7,"36":7,"37":7,"38":7,"39":7,"40":7,"42":7,"43":7,"44":7,"46":7,"47":7,"48":7,"49":7,"50":7,"51":7,"52":0,"53":7,"54":7,"56":7,"57":7,"58":5,"59":5,"60":5,"61":5,"62":0,"63":5,"64":5,"65":5,"67":5,"69":7,"70":7,"72":7,"73":7,"74":7,"75":7,"76":7,"77":7,"78":7,"79":7,"80":7,"81":7,"82":7,"83":7,"84":7,"85":7,"87":7,"88":7,"89":7,"91":7,"93":7,"94":7,"96":7,"97":7,"98":7,"99":7,"101":7,"102":7,"103":7,"104":7,"105":7,"106":7,"109":7,"110":0,"111":0,"112":0,"113":0,"114":0,"115":0,"116":0,"117":0,"118":0,"119":0,"121":0,"123":0,"124":0,"125":0,"126":0,"127":0,"128":0,"129":0,"130":0,"131":0,"132":0,"134":0,"136":0,"138":0,"139":0,"140":0,"141":0,"142":0,"143":0,"144":0,"145":0,"146":0,"147":0,"148":0,"149":0,"150":0,"151":0,"152":0,"153":0,"154":0,"156":0,"158":0,"159":0,"160":0,"161":0,"163":7,"165":7,"167":1},"branchMap":{"0":{"type":"branch","line":15,"loc":{"start":{"line":15,"column":15},"end":{"line":166,"column":2}},"locations":[{"start":{"line":15,"column":15},"end":{"line":166,"column":2}}]},"1":{"type":"branch","line":29,"loc":{"start":{"line":29,"column":47},"end":{"line":29,"column":94}},"locations":[{"start":{"line":29,"column":47},"end":{"line":29,"column":94}}]},"2":{"type":"branch","line":52,"loc":{"start":{"line":52,"column":22},"end":{"line":53,"column":74}},"locations":[{"start":{"line":52,"column":22},"end":{"line":53,"column":74}}]},"3":{"type":"branch","line":58,"loc":{"start":{"line":58,"column":15},"end":{"line":68,"column":23}},"locations":[{"start":{"line":58,"column":15},"end":{"line":68,"column":23}}]},"4":{"type":"branch","line":62,"loc":{"start":{"line":62,"column":37},"end":{"line":63,"column":98}},"locations":[{"start":{"line":62,"column":37},"end":{"line":63,"column":98}}]},"5":{"type":"branch","line":103,"loc":{"start":{"line":103,"column":15},"end":{"line":103,"column":52}},"locations":[{"start":{"line":103,"column":15},"end":{"line":103,"column":52}}]},"6":{"type":"branch","line":110,"loc":{"start":{"line":110,"column":7},"end":{"line":162,"column":14}},"locations":[{"start":{"line":110,"column":7},"end":{"line":162,"column":14}}]},"7":{"type":"branch","line":27,"loc":{"start":{"line":27,"column":19},"end":{"line":27,"column":64}},"locations":[{"start":{"line":27,"column":19},"end":{"line":27,"column":64}}]}},"b":{"0":[7],"1":[2],"2":[0],"3":[5],"4":[0],"5":[0],"6":[0],"7":[12]},"fnMap":{"0":{"name":"Navbar","decl":{"start":{"line":15,"column":15},"end":{"line":166,"column":2}},"loc":{"start":{"line":15,"column":15},"end":{"line":166,"column":2}},"line":15},"1":{"name":"handleLogout","decl":{"start":{"line":22,"column":23},"end":{"line":25,"column":4}},"loc":{"start":{"line":22,"column":23},"end":{"line":25,"column":4}},"line":22},"2":{"name":"isActive","decl":{"start":{"line":27,"column":19},"end":{"line":27,"column":64}},"loc":{"start":{"line":27,"column":19},"end":{"line":27,"column":64}},"line":27},"3":{"name":"onClick","decl":{"start":{"line":99,"column":23},"end":{"line":99,"column":48}},"loc":{"start":{"line":99,"column":23},"end":{"line":99,"column":48}},"line":99},"4":{"name":"onClick","decl":{"start":{"line":115,"column":23},"end":{"line":115,"column":46}},"loc":{"start":{"line":115,"column":23},"end":{"line":115,"column":46}},"line":115},"5":{"name":"onClick","decl":{"start":{"line":128,"column":25},"end":{"line":128,"column":48}},"loc":{"start":{"line":128,"column":25},"end":{"line":128,"column":48}},"line":128}},"f":{"0":7,"1":0,"2":12,"3":0,"4":0,"5":0}}
,"C:\\Users\\alimi\\Desktop\\webdev\\app-environment-practice\\apps-frontend\\src\\components\\ProtectedRoute.tsx": {"path":"C:\\Users\\alimi\\Desktop\\webdev\\app-environment-practice\\apps-frontend\\src\\components\\ProtectedRoute.tsx","all":false,"statementMap":{"1":{"start":{"line":2,"column":0},"end":{"line":2,"column":57}},"2":{"start":{"line":3,"column":0},"end":{"line":3,"column":43}},"10":{"start":{"line":11,"column":0},"end":{"line":11,"column":77}},"11":{"start":{"line":12,"column":0},"end":{"line":12,"column":57}},"12":{"start":{"line":13,"column":0},"end":{"line":13,"column":33}},"14":{"start":{"line":15,"column":0},"end":{"line":15,"column":18}},"15":{"start":{"line":16,"column":0},"end":{"line":16,"column":12}},"16":{"start":{"line":17,"column":0},"end":{"line":17,"column":80}},"17":{"start":{"line":18,"column":0},"end":{"line":18,"column":37}},"18":{"start":{"line":19,"column":0},"end":{"line":19,"column":106}},"19":{"start":{"line":20,"column":0},"end":{"line":20,"column":68}},"20":{"start":{"line":21,"column":0},"end":{"line":21,"column":14}},"21":{"start":{"line":22,"column":0},"end":{"line":22,"column":12}},"23":{"start":{"line":24,"column":0},"end":{"line":24,"column":3}},"25":{"start":{"line":26,"column":0},"end":{"line":26,"column":25}},"26":{"start":{"line":27,"column":0},"end":{"line":27,"column":71}},"27":{"start":{"line":28,"column":0},"end":{"line":28,"column":3}},"29":{"start":{"line":30,"column":0},"end":{"line":30,"column":66}},"30":{"start":{"line":31,"column":0},"end":{"line":31,"column":48}},"31":{"start":{"line":32,"column":0},"end":{"line":32,"column":3}},"35":{"start":{"line":36,"column":0},"end":{"line":36,"column":33}},"36":{"start":{"line":37,"column":0},"end":{"line":37,"column":12}},"37":{"start":{"line":38,"column":0},"end":{"line":38,"column":80}},"38":{"start":{"line":39,"column":0},"end":{"line":39,"column":50}},"39":{"start":{"line":40,"column":0},"end":{"line":40,"column":67}},"40":{"start":{"line":41,"column":0},"end":{"line":41,"column":18}},"41":{"start":{"line":42,"column":0},"end":{"line":42,"column":52}},"42":{"start":{"line":43,"column":0},"end":{"line":43,"column":60}},"43":{"start":{"line":44,"column":0},"end":{"line":44,"column":11}},"45":{"start":{"line":46,"column":0},"end":{"line":46,"column":19}},"46":{"start":{"line":47,"column":0},"end":{"line":47,"column":14}},"47":{"start":{"line":48,"column":0},"end":{"line":48,"column":12}},"49":{"start":{"line":50,"column":0},"end":{"line":50,"column":3}},"51":{"start":{"line":52,"column":0},"end":{"line":52,"column":25}},"52":{"start":{"line":53,"column":0},"end":{"line":53,"column":2}},"54":{"start":{"line":55,"column":0},"end":{"line":55,"column":30}}},"s":{"1":1,"2":1,"10":1,"11":13,"12":13,"14":13,"15":2,"16":2,"17":2,"18":2,"19":2,"20":2,"21":2,"23":2,"25":13,"26":2,"27":2,"29":13,"30":0,"31":0,"35":13,"36":2,"37":2,"38":2,"39":2,"40":2,"41":2,"42":2,"43":2,"45":2,"46":2,"47":2,"49":2,"51":7,"52":7,"54":1},"branchMap":{"0":{"type":"branch","line":11,"loc":{"start":{"line":11,"column":23},"end":{"line":53,"column":2}},"locations":[{"start":{"line":11,"column":23},"end":{"line":53,"column":2}}]},"1":{"type":"branch","line":15,"loc":{"start":{"line":15,"column":17},"end":{"line":24,"column":3}},"locations":[{"start":{"line":15,"column":17},"end":{"line":24,"column":3}}]},"2":{"type":"branch","line":24,"loc":{"start":{"line":24,"column":2},"end":{"line":26,"column":24}},"locations":[{"start":{"line":24,"column":2},"end":{"line":26,"column":24}}]},"3":{"type":"branch","line":26,"loc":{"start":{"line":26,"column":24},"end":{"line":28,"column":3}},"locations":[{"start":{"line":26,"column":24},"end":{"line":28,"column":3}}]},"4":{"type":"branch","line":28,"loc":{"start":{"line":28,"column":2},"end":{"line":30,"column":22}},"locations":[{"start":{"line":28,"column":2},"end":{"line":30,"column":22}}]},"5":{"type":"branch","line":30,"loc":{"start":{"line":30,"column":6},"end":{"line":30,"column":30}},"locations":[{"start":{"line":30,"column":6},"end":{"line":30,"column":30}}]},"6":{"type":"branch","line":30,"loc":{"start":{"line":30,"column":22},"end":{"line":30,"column":65}},"locations":[{"start":{"line":30,"column":22},"end":{"line":30,"column":65}}]},"7":{"type":"branch","line":30,"loc":{"start":{"line":30,"column":65},"end":{"line":32,"column":3}},"locations":[{"start":{"line":30,"column":65},"end":{"line":32,"column":3}}]},"8":{"type":"branch","line":32,"loc":{"start":{"line":32,"column":2},"end":{"line":36,"column":15}},"locations":[{"start":{"line":32,"column":2},"end":{"line":36,"column":15}}]},"9":{"type":"branch","line":36,"loc":{"start":{"line":36,"column":7},"end":{"line":36,"column":32}},"locations":[{"start":{"line":36,"column":7},"end":{"line":36,"column":32}}]},"10":{"type":"branch","line":36,"loc":{"start":{"line":36,"column":32},"end":{"line":53,"column":2}},"locations":[{"start":{"line":36,"column":32},"end":{"line":53,"column":2}}]},"11":{"type":"branch","line":36,"loc":{"start":{"line":36,"column":32},"end":{"line":50,"column":3}},"locations":[{"start":{"line":36,"column":32},"end":{"line":50,"column":3}}]}},"b":{"0":[13],"1":[2],"2":[11],"3":[2],"4":[9],"5":[0],"6":[0],"7":[0],"8":[9],"9":[2],"10":[7],"11":[2]},"fnMap":{"0":{"name":"ProtectedRoute","decl":{"start":{"line":11,"column":23},"end":{"line":53,"column":2}},"loc":{"start":{"line":11,"column":23},"end":{"line":53,"column":2}},"line":11},"1":{"name":"onClick","decl":{"start":{"line":42,"column":21},"end":{"line":42,"column":52}},"loc":{"start":{"line":42,"column":21},"end":{"line":42,"column":52}},"line":42}},"f":{"0":13,"1":0}}
,"C:\\Users\\alimi\\Desktop\\webdev\\app-environment-practice\\apps-frontend\\src\\components\\StatusBadge.tsx": {"path":"C:\\Users\\alimi\\Desktop\\webdev\\app-environment-practice\\apps-frontend\\src\\components\\StatusBadge.tsx","all":false,"statementMap":{"1":{"start":{"line":2,"column":0},"end":{"line":2,"column":49}},"7":{"start":{"line":8,"column":0},"end":{"line":8,"column":65}},"8":{"start":{"line":9,"column":0},"end":{"line":9,"column":32}},"9":{"start":{"line":10,"column":0},"end":{"line":10,"column":21}},"10":{"start":{"line":11,"column":0},"end":{"line":11,"column":33}},"11":{"start":{"line":12,"column":0},"end":{"line":12,"column":65}},"12":{"start":{"line":13,"column":0},"end":{"line":13,"column":34}},"13":{"start":{"line":14,"column":0},"end":{"line":14,"column":62}},"14":{"start":{"line":15,"column":0},"end":{"line":15,"column":34}},"15":{"start":{"line":16,"column":0},"end":{"line":16,"column":56}},"16":{"start":{"line":17,"column":0},"end":{"line":17,"column":14}},"17":{"start":{"line":18,"column":0},"end":{"line":18,"column":59}},"18":{"start":{"line":19,"column":0},"end":{"line":19,"column":5}},"19":{"start":{"line":20,"column":0},"end":{"line":20,"column":4}},"21":{"start":{"line":22,"column":0},"end":{"line":22,"column":10}},"22":{"start":{"line":23,"column":0},"end":{"line":23,"column":128}},"23":{"start":{"line":24,"column":0},"end":{"line":24,"column":14}},"24":{"start":{"line":25,"column":0},"end":{"line":25,"column":11}},"26":{"start":{"line":27,"column":0},"end":{"line":27,"column":2}},"28":{"start":{"line":29,"column":0},"end":{"line":29,"column":27}}},"s":{"1":1,"7":1,"8":14,"9":14,"10":14,"11":7,"12":14,"13":7,"14":14,"15":0,"16":14,"17":0,"18":14,"19":14,"21":14,"22":14,"23":14,"24":14,"26":14,"28":1},"branchMap":{"0":{"type":"branch","line":8,"loc":{"start":{"line":8,"column":48},"end":{"line":27,"column":2}},"locations":[{"start":{"line":8,"column":48},"end":{"line":27,"column":2}}]},"1":{"type":"branch","line":9,"loc":{"start":{"line":9,"column":25},"end":{"line":20,"column":4}},"locations":[{"start":{"line":9,"column":25},"end":{"line":20,"column":4}}]},"2":{"type":"branch","line":11,"loc":{"start":{"line":11,"column":6},"end":{"line":12,"column":65}},"locations":[{"start":{"line":11,"column":6},"end":{"line":12,"column":65}}]},"3":{"type":"branch","line":13,"loc":{"start":{"line":13,"column":6},"end":{"line":14,"column":62}},"locations":[{"start":{"line":13,"column":6},"end":{"line":14,"column":62}}]},"4":{"type":"branch","line":15,"loc":{"start":{"line":15,"column":6},"end":{"line":16,"column":56}},"locations":[{"start":{"line":15,"column":6},"end":{"line":16,"column":56}}]},"5":{"type":"branch","line":17,"loc":{"start":{"line":17,"column":6},"end":{"line":18,"column":59}},"locations":[{"start":{"line":17,"column":6},"end":{"line":18,"column":59}}]}},"b":{"0":[14],"1":[14],"2":[7],"3":[7],"4":[0],"5":[0]},"fnMap":{"0":{"name":"StatusBadge","decl":{"start":{"line":8,"column":48},"end":{"line":27,"column":2}},"loc":{"start":{"line":8,"column":48},"end":{"line":27,"column":2}},"line":8},"1":{"name":"getBadgeStyles","decl":{"start":{"line":9,"column":25},"end":{"line":20,"column":4}},"loc":{"start":{"line":9,"column":25},"end":{"line":20,"column":4}},"line":9}},"f":{"0":14,"1":14}}
,"C:\\Users\\alimi\\Desktop\\webdev\\app-environment-practice\\apps-frontend\\src\\features\\absences\\AbsenceHistory.tsx": {"path":"C:\\Users\\alimi\\Desktop\\webdev\\app-environment-practice\\apps-frontend\\src\\features\\absences\\AbsenceHistory.tsx","all":false,"statementMap":{"0":{"start":{"line":1,"column":0},"end":{"line":1,"column":40}},"1":{"start":{"line":2,"column":0},"end":{"line":2,"column":93}},"2":{"start":{"line":3,"column":0},"end":{"line":3,"column":55}},"3":{"start":{"line":4,"column":0},"end":{"line":4,"column":52}},"4":{"start":{"line":5,"column":0},"end":{"line":5,"column":56}},"5":{"start":{"line":6,"column":0},"end":{"line":6,"column":42}},"6":{"start":{"line":7,"column":0},"end":{"line":7,"column":58}},"7":{"start":{"line":8,"column":0},"end":{"line":8,"column":40}},"9":{"start":{"line":10,"column":0},"end":{"line":10,"column":30}},"10":{"start":{"line":11,"column":0},"end":{"line":11,"column":53}},"11":{"start":{"line":12,"column":0},"end":{"line":12,"column":67}},"12":{"start":{"line":13,"column":0},"end":{"line":13,"column":44}},"13":{"start":{"line":14,"column":0},"end":{"line":14,"column":44}},"14":{"start":{"line":15,"column":0},"end":{"line":15,"column":72}},"16":{"start":{"line":17,"column":0},"end":{"line":17,"column":85}},"17":{"start":{"line":18,"column":0},"end":{"line":18,"column":92}},"19":{"start":{"line":20,"column":0},"end":{"line":20,"column":37}},"21":{"start":{"line":22,"column":0},"end":{"line":22,"column":40}},"22":{"start":{"line":23,"column":0},"end":{"line":23,"column":24}},"23":{"start":{"line":24,"column":0},"end":{"line":24,"column":31}},"24":{"start":{"line":25,"column":0},"end":{"line":25,"column":45}},"25":{"start":{"line":26,"column":0},"end":{"line":26,"column":7}},"26":{"start":{"line":27,"column":0},"end":{"line":27,"column":4}},"28":{"start":{"line":29,"column":0},"end":{"line":29,"column":40}},"29":{"start":{"line":30,"column":0},"end":{"line":30,"column":82}},"30":{"start":{"line":31,"column":0},"end":{"line":31,"column":26}},"31":{"start":{"line":32,"column":0},"end":{"line":32,"column":33}},"32":{"start":{"line":33,"column":0},"end":{"line":33,"column":47}},"33":{"start":{"line":34,"column":0},"end":{"line":34,"column":9}},"34":{"start":{"line":35,"column":0},"end":{"line":35,"column":5}},"35":{"start":{"line":36,"column":0},"end":{"line":36,"column":4}},"37":{"start":{"line":38,"column":0},"end":{"line":38,"column":92}},"39":{"start":{"line":40,"column":0},"end":{"line":40,"column":10}},"40":{"start":{"line":41,"column":0},"end":{"line":41,"column":26}},"41":{"start":{"line":42,"column":0},"end":{"line":42,"column":76}},"42":{"start":{"line":43,"column":0},"end":{"line":43,"column":98}},"43":{"start":{"line":44,"column":0},"end":{"line":44,"column":63}},"44":{"start":{"line":45,"column":0},"end":{"line":45,"column":40}},"45":{"start":{"line":46,"column":0},"end":{"line":46,"column":16}},"46":{"start":{"line":47,"column":0},"end":{"line":47,"column":113}},"47":{"start":{"line":48,"column":0},"end":{"line":48,"column":109}},"48":{"start":{"line":49,"column":0},"end":{"line":49,"column":115}},"49":{"start":{"line":50,"column":0},"end":{"line":50,"column":113}},"50":{"start":{"line":51,"column":0},"end":{"line":51,"column":117}},"51":{"start":{"line":52,"column":0},"end":{"line":52,"column":111}},"52":{"start":{"line":53,"column":0},"end":{"line":53,"column":123}},"53":{"start":{"line":54,"column":0},"end":{"line":54,"column":56}},"54":{"start":{"line":55,"column":0},"end":{"line":55,"column":19}},"55":{"start":{"line":56,"column":0},"end":{"line":56,"column":17}},"56":{"start":{"line":57,"column":0},"end":{"line":57,"column":18}},"57":{"start":{"line":58,"column":0},"end":{"line":58,"column":63}},"58":{"start":{"line":59,"column":0},"end":{"line":59,"column":38}},"59":{"start":{"line":60,"column":0},"end":{"line":60,"column":18}},"60":{"start":{"line":61,"column":0},"end":{"line":61,"column":119}},"61":{"start":{"line":62,"column":0},"end":{"line":62,"column":19}},"63":{"start":{"line":64,"column":0},"end":{"line":64,"column":41}},"64":{"start":{"line":65,"column":0},"end":{"line":65,"column":116}},"65":{"start":{"line":66,"column":0},"end":{"line":66,"column":96}},"66":{"start":{"line":67,"column":0},"end":{"line":67,"column":59}},"67":{"start":{"line":68,"column":0},"end":{"line":68,"column":145}},"69":{"start":{"line":70,"column":0},"end":{"line":70,"column":106}},"71":{"start":{"line":72,"column":0},"end":{"line":72,"column":23}},"72":{"start":{"line":73,"column":0},"end":{"line":73,"column":103}},"73":{"start":{"line":74,"column":0},"end":{"line":74,"column":84}},"74":{"start":{"line":75,"column":0},"end":{"line":75,"column":70}},"75":{"start":{"line":76,"column":0},"end":{"line":76,"column":23}},"76":{"start":{"line":77,"column":0},"end":{"line":77,"column":84}},"77":{"start":{"line":78,"column":0},"end":{"line":78,"column":68}},"78":{"start":{"line":79,"column":0},"end":{"line":79,"column":23}},"79":{"start":{"line":80,"column":0},"end":{"line":80,"column":84}},"80":{"start":{"line":81,"column":0},"end":{"line":81,"column":43}},"81":{"start":{"line":82,"column":0},"end":{"line":82,"column":43}},"82":{"start":{"line":83,"column":0},"end":{"line":83,"column":183}},"84":{"start":{"line":85,"column":0},"end":{"line":85,"column":29}},"86":{"start":{"line":87,"column":0},"end":{"line":87,"column":23}},"87":{"start":{"line":88,"column":0},"end":{"line":88,"column":84}},"88":{"start":{"line":89,"column":0},"end":{"line":89,"column":59}},"89":{"start":{"line":90,"column":0},"end":{"line":90,"column":23}},"90":{"start":{"line":91,"column":0},"end":{"line":91,"column":106}},"91":{"start":{"line":92,"column":0},"end":{"line":92,"column":62}},"92":{"start":{"line":93,"column":0},"end":{"line":93,"column":106}},"93":{"start":{"line":94,"column":0},"end":{"line":94,"column":31}},"94":{"start":{"line":95,"column":0},"end":{"line":95,"column":66}},"95":{"start":{"line":96,"column":0},"end":{"line":96,"column":122}},"96":{"start":{"line":97,"column":0},"end":{"line":97,"column":168}},"97":{"start":{"line":98,"column":0},"end":{"line":98,"column":48}},"99":{"start":{"line":100,"column":0},"end":{"line":100,"column":86}},"100":{"start":{"line":101,"column":0},"end":{"line":101,"column":72}},"102":{"start":{"line":103,"column":0},"end":{"line":103,"column":59}},"104":{"start":{"line":105,"column":0},"end":{"line":105,"column":74}},"105":{"start":{"line":106,"column":0},"end":{"line":106,"column":33}},"108":{"start":{"line":109,"column":0},"end":{"line":109,"column":35}},"109":{"start":{"line":110,"column":0},"end":{"line":110,"column":31}},"110":{"start":{"line":111,"column":0},"end":{"line":111,"column":66}},"111":{"start":{"line":112,"column":0},"end":{"line":112,"column":122}},"112":{"start":{"line":113,"column":0},"end":{"line":113,"column":168}},"113":{"start":{"line":114,"column":0},"end":{"line":114,"column":56}},"115":{"start":{"line":116,"column":0},"end":{"line":116,"column":86}},"116":{"start":{"line":117,"column":0},"end":{"line":117,"column":72}},"118":{"start":{"line":119,"column":0},"end":{"line":119,"column":58}},"120":{"start":{"line":121,"column":0},"end":{"line":121,"column":74}},"121":{"start":{"line":122,"column":0},"end":{"line":122,"column":33}},"123":{"start":{"line":124,"column":0},"end":{"line":124,"column":26}},"124":{"start":{"line":125,"column":0},"end":{"line":125,"column":23}},"125":{"start":{"line":126,"column":0},"end":{"line":126,"column":21}},"126":{"start":{"line":127,"column":0},"end":{"line":127,"column":16}},"128":{"start":{"line":129,"column":0},"end":{"line":129,"column":18}},"129":{"start":{"line":130,"column":0},"end":{"line":130,"column":16}},"130":{"start":{"line":131,"column":0},"end":{"line":131,"column":12}},"131":{"start":{"line":132,"column":0},"end":{"line":132,"column":10}},"133":{"start":{"line":134,"column":0},"end":{"line":134,"column":2}},"135":{"start":{"line":136,"column":0},"end":{"line":136,"column":30}}},"s":{"0":1,"1":1,"2":1,"3":1,"4":1,"5":1,"6":1,"7":1,"9":1,"10":16,"11":16,"12":16,"13":16,"14":16,"16":16,"17":14,"19":14,"21":16,"22":0,"23":0,"24":0,"25":0,"26":0,"28":16,"29":0,"30":0,"31":0,"32":0,"33":0,"34":0,"35":0,"37":16,"39":16,"40":16,"41":16,"42":16,"43":16,"44":16,"45":16,"46":16,"47":16,"48":16,"49":16,"50":16,"51":16,"52":16,"53":16,"54":16,"55":16,"56":16,"57":16,"58":16,"59":0,"60":0,"61":0,"63":7,"64":14,"65":14,"66":14,"67":0,"69":14,"71":14,"72":14,"73":14,"74":14,"75":14,"76":14,"77":14,"78":14,"79":14,"80":14,"81":14,"82":7,"84":7,"86":14,"87":14,"88":14,"89":14,"90":14,"91":14,"92":14,"93":0,"94":0,"95":0,"96":0,"97":0,"99":0,"100":0,"102":0,"104":0,"105":0,"108":14,"109":14,"110":14,"111":14,"112":14,"113":14,"115":14,"116":0,"118":14,"120":14,"121":14,"123":14,"124":14,"125":14,"126":7,"128":16,"129":16,"130":16,"131":16,"133":16,"135":1},"branchMap":{"0":{"type":"branch","line":10,"loc":{"start":{"line":10,"column":23},"end":{"line":134,"column":2}},"locations":[{"start":{"line":10,"column":23},"end":{"line":134,"column":2}}]},"1":{"type":"branch","line":17,"loc":{"start":{"line":17,"column":17},"end":{"line":17,"column":85}},"locations":[{"start":{"line":17,"column":17},"end":{"line":17,"column":85}}]},"2":{"type":"branch","line":17,"loc":{"start":{"line":17,"column":78},"end":{"line":20,"column":37}},"locations":[{"start":{"line":17,"column":78},"end":{"line":20,"column":37}}]},"3":{"type":"branch","line":17,"loc":{"start":{"line":17,"column":78},"end":{"line":18,"column":20}},"locations":[{"start":{"line":17,"column":78},"end":{"line":18,"column":20}}]},"4":{"type":"branch","line":18,"loc":{"start":{"line":18,"column":13},"end":{"line":18,"column":92}},"locations":[{"start":{"line":18,"column":13},"end":{"line":18,"column":92}}]},"5":{"type":"branch","line":18,"loc":{"start":{"line":18,"column":85},"end":{"line":20,"column":34}},"locations":[{"start":{"line":18,"column":85},"end":{"line":20,"column":34}}]},"6":{"type":"branch","line":20,"loc":{"start":{"line":20,"column":19},"end":{"line":20,"column":37}},"locations":[{"start":{"line":20,"column":19},"end":{"line":20,"column":37}}]},"7":{"type":"branch","line":38,"loc":{"start":{"line":38,"column":18},"end":{"line":38,"column":40}},"locations":[{"start":{"line":38,"column":18},"end":{"line":38,"column":40}}]},"8":{"type":"branch","line":38,"loc":{"start":{"line":38,"column":45},"end":{"line":38,"column":92}},"locations":[{"start":{"line":38,"column":45},"end":{"line":38,"column":92}}]},"9":{"type":"branch","line":59,"loc":{"start":{"line":59,"column":33},"end":{"line":62,"column":19}},"locations":[{"start":{"line":59,"column":33},"end":{"line":62,"column":19}}]},"10":{"type":"branch","line":62,"loc":{"start":{"line":62,"column":14},"end":{"line":127,"column":16}},"locations":[{"start":{"line":62,"column":14},"end":{"line":127,"column":16}}]},"11":{"type":"branch","line":64,"loc":{"start":{"line":64,"column":27},"end":{"line":126,"column":21}},"locations":[{"start":{"line":64,"column":27},"end":{"line":126,"column":21}}]},"12":{"type":"branch","line":65,"loc":{"start":{"line":65,"column":80},"end":{"line":65,"column":105}},"locations":[{"start":{"line":65,"column":80},"end":{"line":65,"column":105}}]},"13":{"type":"branch","line":67,"loc":{"start":{"line":67,"column":53},"end":{"line":68,"column":145}},"locations":[{"start":{"line":67,"column":53},"end":{"line":68,"column":145}}]},"14":{"type":"branch","line":70,"loc":{"start":{"line":70,"column":87},"end":{"line":70,"column":106}},"locations":[{"start":{"line":70,"column":87},"end":{"line":70,"column":106}}]},"15":{"type":"branch","line":82,"loc":{"start":{"line":82,"column":29},"end":{"line":85,"column":29}},"locations":[{"start":{"line":82,"column":29},"end":{"line":85,"column":29}}]},"16":{"type":"branch","line":93,"loc":{"start":{"line":93,"column":55},"end":{"line":93,"column":106}},"locations":[{"start":{"line":93,"column":55},"end":{"line":93,"column":106}}]},"17":{"type":"branch","line":93,"loc":{"start":{"line":93,"column":94},"end":{"line":106,"column":33}},"locations":[{"start":{"line":93,"column":94},"end":{"line":106,"column":33}}]},"18":{"type":"branch","line":112,"loc":{"start":{"line":112,"column":80},"end":{"line":112,"column":122}},"locations":[{"start":{"line":112,"column":80},"end":{"line":112,"column":122}}]},"19":{"type":"branch","line":116,"loc":{"start":{"line":116,"column":42},"end":{"line":116,"column":86}},"locations":[{"start":{"line":116,"column":42},"end":{"line":116,"column":86}}]},"20":{"type":"branch","line":116,"loc":{"start":{"line":116,"column":80},"end":{"line":117,"column":72}},"locations":[{"start":{"line":116,"column":80},"end":{"line":117,"column":72}}]}},"b":{"0":[16],"1":[7],"2":[14],"3":[9],"4":[2],"5":[7],"6":[0],"7":[7],"8":[0],"9":[0],"10":[7],"11":[14],"12":[0],"13":[0],"14":[0],"15":[7],"16":[0],"17":[0],"18":[0],"19":[0],"20":[0]},"fnMap":{"0":{"name":"AbsenceHistory","decl":{"start":{"line":10,"column":23},"end":{"line":134,"column":2}},"loc":{"start":{"line":10,"column":23},"end":{"line":134,"column":2}},"line":10},"1":{"name":"handleCancel","decl":{"start":{"line":22,"column":23},"end":{"line":27,"column":4}},"loc":{"start":{"line":22,"column":23},"end":{"line":27,"column":4}},"line":22},"2":{"name":"handleDelete","decl":{"start":{"line":29,"column":23},"end":{"line":36,"column":4}},"loc":{"start":{"line":29,"column":23},"end":{"line":36,"column":4}},"line":29},"3":{"name":"onClick","decl":{"start":{"line":95,"column":35},"end":{"line":95,"column":66}},"loc":{"start":{"line":95,"column":35},"end":{"line":95,"column":66}},"line":95},"4":{"name":"onClick","decl":{"start":{"line":111,"column":35},"end":{"line":111,"column":66}},"loc":{"start":{"line":111,"column":35},"end":{"line":111,"column":66}},"line":111}},"f":{"0":16,"1":0,"2":0,"3":0,"4":0}}
,"C:\\Users\\alimi\\Desktop\\webdev\\app-environment-practice\\apps-frontend\\src\\features\\absences\\AbsenceManagement.tsx": {"path":"C:\\Users\\alimi\\Desktop\\webdev\\app-environment-practice\\apps-frontend\\src\\features\\absences\\AbsenceManagement.tsx","all":false,"statementMap":{"0":{"start":{"line":1,"column":0},"end":{"line":1,"column":40}},"1":{"start":{"line":2,"column":0},"end":{"line":2,"column":81}},"2":{"start":{"line":3,"column":0},"end":{"line":3,"column":52}},"3":{"start":{"line":4,"column":0},"end":{"line":4,"column":49}},"5":{"start":{"line":6,"column":0},"end":{"line":6,"column":33}},"6":{"start":{"line":7,"column":0},"end":{"line":7,"column":79}},"7":{"start":{"line":8,"column":0},"end":{"line":8,"column":56}},"8":{"start":{"line":9,"column":0},"end":{"line":9,"column":72}},"10":{"start":{"line":11,"column":0},"end":{"line":11,"column":86}},"11":{"start":{"line":12,"column":0},"end":{"line":12,"column":101}},"13":{"start":{"line":14,"column":0},"end":{"line":14,"column":90}},"15":{"start":{"line":16,"column":0},"end":{"line":16,"column":69}},"16":{"start":{"line":17,"column":0},"end":{"line":17,"column":24}},"17":{"start":{"line":18,"column":0},"end":{"line":18,"column":49}},"18":{"start":{"line":19,"column":0},"end":{"line":19,"column":24}},"19":{"start":{"line":20,"column":0},"end":{"line":20,"column":30}},"20":{"start":{"line":21,"column":0},"end":{"line":21,"column":7}},"21":{"start":{"line":22,"column":0},"end":{"line":22,"column":7}},"22":{"start":{"line":23,"column":0},"end":{"line":23,"column":4}},"24":{"start":{"line":25,"column":0},"end":{"line":25,"column":10}},"25":{"start":{"line":26,"column":0},"end":{"line":26,"column":26}},"26":{"start":{"line":27,"column":0},"end":{"line":27,"column":57}},"27":{"start":{"line":28,"column":0},"end":{"line":28,"column":87}},"28":{"start":{"line":29,"column":0},"end":{"line":29,"column":154}},"29":{"start":{"line":30,"column":0},"end":{"line":30,"column":42}},"30":{"start":{"line":31,"column":0},"end":{"line":31,"column":15}},"31":{"start":{"line":32,"column":0},"end":{"line":32,"column":12}},"33":{"start":{"line":34,"column":0},"end":{"line":34,"column":98}},"34":{"start":{"line":35,"column":0},"end":{"line":35,"column":63}},"35":{"start":{"line":36,"column":0},"end":{"line":36,"column":40}},"36":{"start":{"line":37,"column":0},"end":{"line":37,"column":16}},"37":{"start":{"line":38,"column":0},"end":{"line":38,"column":113}},"38":{"start":{"line":39,"column":0},"end":{"line":39,"column":109}},"39":{"start":{"line":40,"column":0},"end":{"line":40,"column":110}},"40":{"start":{"line":41,"column":0},"end":{"line":41,"column":129}},"41":{"start":{"line":42,"column":0},"end":{"line":42,"column":135}},"42":{"start":{"line":43,"column":0},"end":{"line":43,"column":17}},"43":{"start":{"line":44,"column":0},"end":{"line":44,"column":18}},"44":{"start":{"line":45,"column":0},"end":{"line":45,"column":63}},"45":{"start":{"line":46,"column":0},"end":{"line":46,"column":45}},"46":{"start":{"line":47,"column":0},"end":{"line":47,"column":18}},"47":{"start":{"line":48,"column":0},"end":{"line":48,"column":130}},"48":{"start":{"line":49,"column":0},"end":{"line":49,"column":19}},"50":{"start":{"line":51,"column":0},"end":{"line":51,"column":48}},"51":{"start":{"line":52,"column":0},"end":{"line":52,"column":84}},"52":{"start":{"line":53,"column":0},"end":{"line":53,"column":96}},"53":{"start":{"line":54,"column":0},"end":{"line":54,"column":106}},"54":{"start":{"line":55,"column":0},"end":{"line":55,"column":23}},"55":{"start":{"line":56,"column":0},"end":{"line":56,"column":103}},"56":{"start":{"line":57,"column":0},"end":{"line":57,"column":84}},"57":{"start":{"line":58,"column":0},"end":{"line":58,"column":121}},"58":{"start":{"line":59,"column":0},"end":{"line":59,"column":23}},"59":{"start":{"line":60,"column":0},"end":{"line":60,"column":96}},"60":{"start":{"line":61,"column":0},"end":{"line":61,"column":43}},"61":{"start":{"line":62,"column":0},"end":{"line":62,"column":43}},"62":{"start":{"line":63,"column":0},"end":{"line":63,"column":46}},"63":{"start":{"line":64,"column":0},"end":{"line":64,"column":178}},"65":{"start":{"line":66,"column":0},"end":{"line":66,"column":31}},"66":{"start":{"line":67,"column":0},"end":{"line":67,"column":28}},"68":{"start":{"line":69,"column":0},"end":{"line":69,"column":23}},"69":{"start":{"line":70,"column":0},"end":{"line":70,"column":106}},"70":{"start":{"line":71,"column":0},"end":{"line":71,"column":60}},"71":{"start":{"line":72,"column":0},"end":{"line":72,"column":29}},"72":{"start":{"line":73,"column":0},"end":{"line":73,"column":94}},"73":{"start":{"line":74,"column":0},"end":{"line":74,"column":96}},"74":{"start":{"line":75,"column":0},"end":{"line":75,"column":240}},"76":{"start":{"line":77,"column":0},"end":{"line":77,"column":90}},"77":{"start":{"line":78,"column":0},"end":{"line":78,"column":70}},"79":{"start":{"line":80,"column":0},"end":{"line":80,"column":55}},"80":{"start":{"line":81,"column":0},"end":{"line":81,"column":26}},"82":{"start":{"line":83,"column":0},"end":{"line":83,"column":31}},"83":{"start":{"line":84,"column":0},"end":{"line":84,"column":29}},"84":{"start":{"line":85,"column":0},"end":{"line":85,"column":94}},"85":{"start":{"line":86,"column":0},"end":{"line":86,"column":96}},"86":{"start":{"line":87,"column":0},"end":{"line":87,"column":234}},"88":{"start":{"line":89,"column":0},"end":{"line":89,"column":90}},"89":{"start":{"line":90,"column":0},"end":{"line":90,"column":70}},"91":{"start":{"line":92,"column":0},"end":{"line":92,"column":51}},"92":{"start":{"line":93,"column":0},"end":{"line":93,"column":26}},"94":{"start":{"line":95,"column":0},"end":{"line":95,"column":31}},"95":{"start":{"line":96,"column":0},"end":{"line":96,"column":26}},"96":{"start":{"line":97,"column":0},"end":{"line":97,"column":23}},"97":{"start":{"line":98,"column":0},"end":{"line":98,"column":21}},"98":{"start":{"line":99,"column":0},"end":{"line":99,"column":16}},"100":{"start":{"line":101,"column":0},"end":{"line":101,"column":18}},"101":{"start":{"line":102,"column":0},"end":{"line":102,"column":16}},"102":{"start":{"line":103,"column":0},"end":{"line":103,"column":12}},"103":{"start":{"line":104,"column":0},"end":{"line":104,"column":10}},"105":{"start":{"line":106,"column":0},"end":{"line":106,"column":2}},"107":{"start":{"line":108,"column":0},"end":{"line":108,"column":33}}},"s":{"0":1,"1":1,"2":1,"3":1,"5":1,"6":16,"7":16,"8":16,"10":16,"11":16,"13":16,"15":16,"16":1,"17":1,"18":1,"19":1,"20":1,"21":1,"22":1,"24":16,"25":16,"26":16,"27":16,"28":16,"29":16,"30":16,"31":16,"33":16,"34":16,"35":16,"36":16,"37":16,"38":16,"39":16,"40":16,"41":16,"42":16,"43":16,"44":16,"45":16,"46":0,"47":0,"48":0,"50":9,"51":9,"52":9,"53":9,"54":9,"55":9,"56":9,"57":9,"58":9,"59":9,"60":9,"61":9,"62":9,"63":9,"65":9,"66":9,"68":9,"69":9,"70":9,"71":9,"72":9,"73":9,"74":9,"76":9,"77":1,"79":8,"80":9,"82":9,"83":9,"84":9,"85":9,"86":9,"88":9,"89":1,"91":8,"92":9,"94":9,"95":9,"96":9,"97":9,"98":9,"100":16,"101":16,"102":16,"103":16,"105":16,"107":1},"branchMap":{"0":{"type":"branch","line":6,"loc":{"start":{"line":6,"column":26},"end":{"line":106,"column":2}},"locations":[{"start":{"line":6,"column":26},"end":{"line":106,"column":2}}]},"1":{"type":"branch","line":11,"loc":{"start":{"line":11,"column":17},"end":{"line":11,"column":86}},"locations":[{"start":{"line":11,"column":17},"end":{"line":11,"column":86}}]},"2":{"type":"branch","line":11,"loc":{"start":{"line":11,"column":79},"end":{"line":12,"column":28}},"locations":[{"start":{"line":11,"column":79},"end":{"line":12,"column":28}}]},"3":{"type":"branch","line":12,"loc":{"start":{"line":12,"column":21},"end":{"line":12,"column":101}},"locations":[{"start":{"line":12,"column":21},"end":{"line":12,"column":101}}]},"4":{"type":"branch","line":12,"loc":{"start":{"line":12,"column":94},"end":{"line":14,"column":43}},"locations":[{"start":{"line":12,"column":94},"end":{"line":14,"column":43}}]},"5":{"type":"branch","line":14,"loc":{"start":{"line":14,"column":82},"end":{"line":14,"column":90}},"locations":[{"start":{"line":14,"column":82},"end":{"line":14,"column":90}}]},"6":{"type":"branch","line":46,"loc":{"start":{"line":46,"column":40},"end":{"line":49,"column":19}},"locations":[{"start":{"line":46,"column":40},"end":{"line":49,"column":19}}]},"7":{"type":"branch","line":49,"loc":{"start":{"line":49,"column":14},"end":{"line":99,"column":16}},"locations":[{"start":{"line":49,"column":14},"end":{"line":99,"column":16}}]},"8":{"type":"branch","line":14,"loc":{"start":{"line":14,"column":43},"end":{"line":14,"column":82}},"locations":[{"start":{"line":14,"column":43},"end":{"line":14,"column":82}}]},"9":{"type":"branch","line":16,"loc":{"start":{"line":16,"column":29},"end":{"line":23,"column":4}},"locations":[{"start":{"line":16,"column":29},"end":{"line":23,"column":4}}]},"10":{"type":"branch","line":19,"loc":{"start":{"line":19,"column":17},"end":{"line":21,"column":7}},"locations":[{"start":{"line":19,"column":17},"end":{"line":21,"column":7}}]},"11":{"type":"branch","line":51,"loc":{"start":{"line":51,"column":34},"end":{"line":98,"column":21}},"locations":[{"start":{"line":51,"column":34},"end":{"line":98,"column":21}}]},"12":{"type":"branch","line":54,"loc":{"start":{"line":54,"column":86},"end":{"line":54,"column":106}},"locations":[{"start":{"line":54,"column":86},"end":{"line":54,"column":106}}]},"13":{"type":"branch","line":74,"loc":{"start":{"line":74,"column":55},"end":{"line":74,"column":96}},"locations":[{"start":{"line":74,"column":55},"end":{"line":74,"column":96}}]},"14":{"type":"branch","line":77,"loc":{"start":{"line":77,"column":46},"end":{"line":77,"column":90}},"locations":[{"start":{"line":77,"column":46},"end":{"line":77,"column":90}}]},"15":{"type":"branch","line":77,"loc":{"start":{"line":77,"column":84},"end":{"line":78,"column":70}},"locations":[{"start":{"line":77,"column":84},"end":{"line":78,"column":70}}]},"16":{"type":"branch","line":78,"loc":{"start":{"line":78,"column":68},"end":{"line":80,"column":55}},"locations":[{"start":{"line":78,"column":68},"end":{"line":80,"column":55}}]},"17":{"type":"branch","line":86,"loc":{"start":{"line":86,"column":55},"end":{"line":86,"column":96}},"locations":[{"start":{"line":86,"column":55},"end":{"line":86,"column":96}}]},"18":{"type":"branch","line":89,"loc":{"start":{"line":89,"column":46},"end":{"line":89,"column":90}},"locations":[{"start":{"line":89,"column":46},"end":{"line":89,"column":90}}]},"19":{"type":"branch","line":89,"loc":{"start":{"line":89,"column":84},"end":{"line":90,"column":70}},"locations":[{"start":{"line":89,"column":84},"end":{"line":90,"column":70}}]},"20":{"type":"branch","line":90,"loc":{"start":{"line":90,"column":68},"end":{"line":92,"column":51}},"locations":[{"start":{"line":90,"column":68},"end":{"line":92,"column":51}}]},"21":{"type":"branch","line":73,"loc":{"start":{"line":73,"column":33},"end":{"line":73,"column":94}},"locations":[{"start":{"line":73,"column":33},"end":{"line":73,"column":94}}]}},"b":{"0":[16],"1":[5],"2":[11],"3":[2],"4":[9],"5":[0],"6":[0],"7":[9],"8":[18],"9":[1],"10":[1],"11":[9],"12":[0],"13":[1],"14":[1],"15":[1],"16":[8],"17":[1],"18":[1],"19":[1],"20":[8],"21":[1]},"fnMap":{"0":{"name":"AbsenceManagement","decl":{"start":{"line":6,"column":26},"end":{"line":106,"column":2}},"loc":{"start":{"line":6,"column":26},"end":{"line":106,"column":2}},"line":6},"1":{"name":"handleUpdateStatus","decl":{"start":{"line":16,"column":29},"end":{"line":23,"column":4}},"loc":{"start":{"line":16,"column":29},"end":{"line":23,"column":4}},"line":16},"2":{"name":"onSettled","decl":{"start":{"line":19,"column":17},"end":{"line":21,"column":7}},"loc":{"start":{"line":19,"column":17},"end":{"line":21,"column":7}},"line":19},"3":{"name":"onClick","decl":{"start":{"line":73,"column":33},"end":{"line":73,"column":94}},"loc":{"start":{"line":73,"column":33},"end":{"line":73,"column":94}},"line":73},"4":{"name":"onClick","decl":{"start":{"line":85,"column":33},"end":{"line":85,"column":94}},"loc":{"start":{"line":85,"column":33},"end":{"line":85,"column":94}},"line":85}},"f":{"0":16,"1":1,"2":1,"3":1,"4":0}}
,"C:\\Users\\alimi\\Desktop\\webdev\\app-environment-practice\\apps-frontend\\src\\features\\absences\\RequestAbsenceModal.tsx": {"path":"C:\\Users\\alimi\\Desktop\\webdev\\app-environment-practice\\apps-frontend\\src\\features\\absences\\RequestAbsenceModal.tsx","all":false,"statementMap":{"0":{"start":{"line":1,"column":0},"end":{"line":1,"column":39}},"1":{"start":{"line":2,"column":0},"end":{"line":2,"column":42}},"2":{"start":{"line":3,"column":0},"end":{"line":3,"column":54}},"3":{"start":{"line":4,"column":0},"end":{"line":4,"column":24}},"4":{"start":{"line":5,"column":0},"end":{"line":5,"column":68}},"5":{"start":{"line":6,"column":0},"end":{"line":6,"column":42}},"6":{"start":{"line":7,"column":0},"end":{"line":7,"column":56}},"7":{"start":{"line":8,"column":0},"end":{"line":8,"column":43}},"8":{"start":{"line":9,"column":0},"end":{"line":9,"column":59}},"9":{"start":{"line":10,"column":0},"end":{"line":10,"column":110}},"10":{"start":{"line":11,"column":0},"end":{"line":11,"column":58}},"11":{"start":{"line":12,"column":0},"end":{"line":12,"column":54}},"12":{"start":{"line":13,"column":0},"end":{"line":13,"column":56}},"13":{"start":{"line":14,"column":0},"end":{"line":14,"column":36}},"15":{"start":{"line":16,"column":0},"end":{"line":16,"column":32}},"16":{"start":{"line":17,"column":0},"end":{"line":17,"column":57}},"17":{"start":{"line":18,"column":0},"end":{"line":18,"column":53}},"18":{"start":{"line":19,"column":0},"end":{"line":19,"column":35}},"19":{"start":{"line":20,"column":0},"end":{"line":20,"column":50}},"20":{"start":{"line":21,"column":0},"end":{"line":21,"column":5}},"21":{"start":{"line":22,"column":0},"end":{"line":22,"column":25}},"22":{"start":{"line":23,"column":0},"end":{"line":23,"column":73}},"23":{"start":{"line":24,"column":0},"end":{"line":24,"column":50}},"24":{"start":{"line":25,"column":0},"end":{"line":25,"column":20}},"25":{"start":{"line":26,"column":0},"end":{"line":26,"column":21}},"26":{"start":{"line":27,"column":0},"end":{"line":27,"column":41}},"27":{"start":{"line":28,"column":0},"end":{"line":28,"column":27}},"28":{"start":{"line":29,"column":0},"end":{"line":29,"column":29}},"29":{"start":{"line":30,"column":0},"end":{"line":30,"column":24}},"30":{"start":{"line":31,"column":0},"end":{"line":31,"column":4}},"31":{"start":{"line":32,"column":0},"end":{"line":32,"column":46}},"32":{"start":{"line":33,"column":0},"end":{"line":33,"column":22}},"33":{"start":{"line":34,"column":0},"end":{"line":34,"column":21}},"34":{"start":{"line":35,"column":0},"end":{"line":35,"column":23}},"35":{"start":{"line":36,"column":0},"end":{"line":36,"column":43}},"36":{"start":{"line":37,"column":0},"end":{"line":37,"column":3}},"37":{"start":{"line":38,"column":0},"end":{"line":38,"column":14}},"38":{"start":{"line":39,"column":0},"end":{"line":39,"column":4}},"39":{"start":{"line":40,"column":0},"end":{"line":40,"column":56}},"40":{"start":{"line":41,"column":0},"end":{"line":41,"column":20}},"41":{"start":{"line":42,"column":0},"end":{"line":42,"column":3}},"50":{"start":{"line":51,"column":0},"end":{"line":51,"column":52}},"51":{"start":{"line":52,"column":0},"end":{"line":52,"column":60}},"52":{"start":{"line":53,"column":0},"end":{"line":53,"column":40}},"53":{"start":{"line":54,"column":0},"end":{"line":54,"column":2}},"55":{"start":{"line":56,"column":0},"end":{"line":56,"column":172}},"56":{"start":{"line":57,"column":0},"end":{"line":57,"column":71}},"58":{"start":{"line":59,"column":0},"end":{"line":59,"column":43}},"59":{"start":{"line":60,"column":0},"end":{"line":60,"column":39}},"61":{"start":{"line":62,"column":0},"end":{"line":62,"column":76}},"63":{"start":{"line":64,"column":0},"end":{"line":64,"column":18}},"64":{"start":{"line":65,"column":0},"end":{"line":65,"column":16}},"65":{"start":{"line":66,"column":0},"end":{"line":66,"column":23}},"66":{"start":{"line":67,"column":0},"end":{"line":67,"column":35}},"68":{"start":{"line":69,"column":0},"end":{"line":69,"column":27}},"69":{"start":{"line":70,"column":0},"end":{"line":70,"column":12}},"70":{"start":{"line":71,"column":0},"end":{"line":71,"column":30}},"71":{"start":{"line":72,"column":0},"end":{"line":72,"column":45}},"74":{"start":{"line":75,"column":0},"end":{"line":75,"column":33}},"75":{"start":{"line":76,"column":0},"end":{"line":76,"column":59}},"76":{"start":{"line":77,"column":0},"end":{"line":77,"column":54}},"77":{"start":{"line":78,"column":0},"end":{"line":78,"column
[...]
"3":1,"4":1,"5":1,"19":1,"20":6,"21":6,"23":6,"24":6,"25":1,"26":6,"27":1,"28":1,"29":1,"30":1,"31":1,"32":1,"33":1,"34":6,"35":6,"37":1,"38":13,"39":13,"40":13,"42":13,"43":13,"44":13,"45":13,"46":13,"47":13,"49":13,"50":11,"51":1,"52":1,"53":13,"55":13,"56":10,"57":1,"58":1,"59":13,"61":13,"62":11,"63":13,"65":13,"66":13,"67":13,"68":13,"69":13,"70":13},"branchMap":{"0":{"type":"branch","line":20,"loc":{"start":{"line":20,"column":24},"end":{"line":36,"column":2}},"locations":[{"start":{"line":20,"column":24},"end":{"line":36,"column":2}}]},"1":{"type":"branch","line":25,"loc":{"start":{"line":25,"column":16},"end":{"line":26,"column":61}},"locations":[{"start":{"line":25,"column":16},"end":{"line":26,"column":61}}]},"2":{"type":"branch","line":27,"loc":{"start":{"line":27,"column":15},"end":{"line":34,"column":6}},"locations":[{"start":{"line":27,"column":15},"end":{"line":34,"column":6}}]},"3":{"type":"branch","line":38,"loc":{"start":{"line":38,"column":23},"end":{"line":71,"column":2}},"locations":[{"start":{"line":38,"column":23},"end":{"line":71,"column":2}}]},"4":{"type":"branch","line":46,"loc":{"start":{"line":46,"column":15},"end":{"line":46,"column":30}},"locations":[{"start":{"line":46,"column":15},"end":{"line":46,"column":30}}]},"5":{"type":"branch","line":45,"loc":{"start":{"line":45,"column":13},"end":{"line":45,"column":53}},"locations":[{"start":{"line":45,"column":13},"end":{"line":45,"column":53}}]},"6":{"type":"branch","line":50,"loc":{"start":{"line":50,"column":12},"end":{"line":54,"column":5}},"locations":[{"start":{"line":50,"column":12},"end":{"line":54,"column":5}}]},"7":{"type":"branch","line":51,"loc":{"start":{"line":51,"column":8},"end":{"line":51,"column":30}},"locations":[{"start":{"line":51,"column":8},"end":{"line":51,"column":30}}]},"8":{"type":"branch","line":51,"loc":{"start":{"line":51,"column":30},"end":{"line":53,"column":5}},"locations":[{"start":{"line":51,"column":30},"end":{"line":53,"column":5}}]},"9":{"type":"branch","line":56,"loc":{"start":{"line":56,"column":12},"end":{"line":60,"column":5}},"locations":[{"start":{"line":56,"column":12},"end":{"line":60,"column":5}}]},"10":{"type":"branch","line":57,"loc":{"start":{"line":57,"column":15},"end":{"line":59,"column":5}},"locations":[{"start":{"line":57,"column":15},"end":{"line":59,"column":5}}]},"11":{"type":"branch","line":62,"loc":{"start":{"line":62,"column":12},"end":{"line":64,"column":5}},"locations":[{"start":{"line":62,"column":12},"end":{"line":64,"column":5}}]}},"b":{"0":[6],"1":[1],"2":[1],"3":[13],"4":[11],"5":[2],"6":[11],"7":[1],"8":[1],"9":[10],"10":[1],"11":[11]},"fnMap":{"0":{"name":"useLogin","decl":{"start":{"line":20,"column":24},"end":{"line":36,"column":2}},"loc":{"start":{"line":20,"column":24},"end":{"line":36,"column":2}},"line":20},"1":{"name":"mutationFn","decl":{"start":{"line":25,"column":16},"end":{"line":26,"column":61}},"loc":{"start":{"line":25,"column":16},"end":{"line":26,"column":61}},"line":25},"2":{"name":"onSuccess","decl":{"start":{"line":27,"column":15},"end":{"line":34,"column":6}},"loc":{"start":{"line":27,"column":15},"end":{"line":34,"column":6}},"line":27},"3":{"name":"useAuth","decl":{"start":{"line":38,"column":23},"end":{"line":71,"column":2}},"loc":{"start":{"line":38,"column":23},"end":{"line":71,"column":2}},"line":38},"4":{"name":"queryFn","decl":{"start":{"line":45,"column":13},"end":{"line":45,"column":53}},"loc":{"start":{"line":45,"column":13},"end":{"line":45,"column":53}},"line":45}},"f":{"0":6,"1":1,"2":1,"3":13,"4":2}}
,"C:\\Users\\alimi\\Desktop\\webdev\\app-environment-practice\\apps-frontend\\src\\hooks\\useHolidays.ts": {"path":"C:\\Users\\alimi\\Desktop\\webdev\\app-environment-practice\\apps-frontend\\src\\hooks\\useHolidays.ts","all":false,"statementMap":{"0":{"start":{"line":1,"column":0},"end":{"line":1,"column":49}},"1":{"start":{"line":2,"column":0},"end":{"line":2,"column":39}},"10":{"start":{"line":11,"column":0},"end":{"line":11,"column":85}},"11":{"start":{"line":12,"column":0},"end":{"line":12,"column":30}},"12":{"start":{"line":13,"column":0},"end":{"line":13,"column":47}},"13":{"start":{"line":14,"column":0},"end":{"line":14,"column":20}},"14":{"start":{"line":15,"column":0},"end":{"line":15,"column":43}},"15":{"start":{"line":16,"column":0},"end":{"line":16,"column":47}},"16":{"start":{"line":17,"column":0},"end":{"line":17,"column":41}},"17":{"start":{"line":18,"column":0},"end":{"line":18,"column":38}},"18":{"start":{"line":19,"column":0},"end":{"line":19,"column":69}},"19":{"start":{"line":20,"column":0},"end":{"line":20,"column":6}},"20":{"start":{"line":21,"column":0},"end":{"line":21,"column":30}},"21":{"start":{"line":22,"column":0},"end":{"line":22,"column":5}},"22":{"start":{"line":23,"column":0},"end":{"line":23,"column":2}}},"s":{"0":1,"1":1,"10":1,"11":34,"12":34,"13":34,"14":2,"15":2,"16":2,"17":2,"18":2,"19":2,"20":34,"21":34,"22":34},"branchMap":{"0":{"type":"branch","line":11,"loc":{"start":{"line":11,"column":27},"end":{"line":23,"column":2}},"locations":[{"start":{"line":11,"column":27},"end":{"line":23,"column":2}}]},"1":{"type":"branch","line":21,"loc":{"start":{"line":21,"column":15},"end":{"line":21,"column":30}},"locations":[{"start":{"line":21,"column":15},"end":{"line":21,"column":30}}]},"2":{"type":"branch","line":14,"loc":{"start":{"line":14,"column":13},"end":{"line":20,"column":6}},"locations":[{"start":{"line":14,"column":13},"end":{"line":20,"column":6}}]}},"b":{"0":[34],"1":[7],"2":[2]},"fnMap":{"0":{"name":"useHolidays","decl":{"start":{"line":11,"column":27},"end":{"line":23,"column":2}},"loc":{"start":{"line":11,"column":27},"end":{"line":23,"column":2}},"line":11},"1":{"name":"queryFn","decl":{"start":{"line":14,"column":13},"end":{"line":20,"column":6}},"loc":{"start":{"line":14,"column":13},"end":{"line":20,"column":6}},"line":14}},"f":{"0":34,"1":2}}
,"C:\\Users\\alimi\\Desktop\\webdev\\app-environment-practice\\apps-frontend\\src\\hooks\\useUsers.ts": {"path":"C:\\Users\\alimi\\Desktop\\webdev\\app-environment-practice\\apps-frontend\\src\\hooks\\useUsers.ts","all":false,"statementMap":{"0":{"start":{"line":1,"column":0},"end":{"line":1,"column":49}},"1":{"start":{"line":2,"column":0},"end":{"line":2,"column":39}},"4":{"start":{"line":5,"column":0},"end":{"line":5,"column":31}},"5":{"start":{"line":6,"column":0},"end":{"line":6,"column":27}},"6":{"start":{"line":7,"column":0},"end":{"line":7,"column":24}},"7":{"start":{"line":8,"column":0},"end":{"line":8,"column":48}},"8":{"start":{"line":9,"column":0},"end":{"line":9,"column":5}},"9":{"start":{"line":10,"column":0},"end":{"line":10,"column":2}}},"s":{"0":1,"1":1,"4":1,"5":0,"6":0,"7":0,"8":0,"9":0},"branchMap":{},"b":{},"fnMap":{"0":{"name":"useUsers","decl":{"start":{"line":5,"column":24},"end":{"line":10,"column":2}},"loc":{"start":{"line":5,"column":24},"end":{"line":10,"column":2}},"line":5}},"f":{"0":0}}
,"C:\\Users\\alimi\\Desktop\\webdev\\app-environment-practice\\apps-frontend\\src\\store\\authSlice.ts": {"path":"C:\\Users\\alimi\\Desktop\\webdev\\app-environment-practice\\apps-frontend\\src\\store\\authSlice.ts","all":false,"statementMap":{"0":{"start":{"line":1,"column":0},"end":{"line":1,"column":47}},"11":{"start":{"line":12,"column":0},"end":{"line":12,"column":50}},"12":{"start":{"line":13,"column":0},"end":{"line":13,"column":13}},"13":{"start":{"line":14,"column":0},"end":{"line":14,"column":78}},"14":{"start":{"line":15,"column":0},"end":{"line":15,"column":91}},"15":{"start":{"line":16,"column":0},"end":{"line":16,"column":19}},"16":{"start":{"line":17,"column":0},"end":{"line":17,"column":3}},"18":{"start":{"line":19,"column":0},"end":{"line":19,"column":31}},"19":{"start":{"line":20,"column":0},"end":{"line":20,"column":15}},"20":{"start":{"line":21,"column":0},"end":{"line":21,"column":34}},"21":{"start":{"line":22,"column":0},"end":{"line":22,"column":13}},"22":{"start":{"line":23,"column":0},"end":{"line":23,"column":21}},"23":{"start":{"line":24,"column":0},"end":{"line":24,"column":12}},"24":{"start":{"line":25,"column":0},"end":{"line":25,"column":58}},"25":{"start":{"line":26,"column":0},"end":{"line":26,"column":10}},"26":{"start":{"line":27,"column":0},"end":{"line":27,"column":45}},"27":{"start":{"line":28,"column":0},"end":{"line":28,"column":24}},"28":{"start":{"line":29,"column":0},"end":{"line":29,"column":26}},"29":{"start":{"line":30,"column":0},"end":{"line":30,"column":35}},"30":{"start":{"line":31,"column":0},"end":{"line":31,"column":43}},"31":{"start":{"line":32,"column":0},"end":{"line":32,"column":6}},"32":{"start":{"line":33,"column":0},"end":{"line":33,"column":24}},"33":{"start":{"line":34,"column":0},"end":{"line":34,"column":24}},"34":{"start":{"line":35,"column":0},"end":{"line":35,"column":25}},"35":{"start":{"line":36,"column":0},"end":{"line":36,"column":36}},"36":{"start":{"line":37,"column":0},"end":{"line":37,"column":39}},"37":{"start":{"line":38,"column":0},"end":{"line":38,"column":6}},"38":{"start":{"line":39,"column":0},"end":{"line":39,"column":60}},"39":{"start":{"line":40,"column":0},"end":{"line":40,"column":39}},"40":{"start":{"line":41,"column":0},"end":{"line":41,"column":6}},"41":{"start":{"line":42,"column":0},"end":{"line":42,"column":57}},"42":{"start":{"line":43,"column":0},"end":{"line":43,"column":34}},"43":{"start":{"line":44,"column":0},"end":{"line":44,"column":6}},"44":{"start":{"line":45,"column":0},"end":{"line":45,"column":4}},"45":{"start":{"line":46,"column":0},"end":{"line":46,"column":3}},"47":{"start":{"line":48,"column":0},"end":{"line":48,"column":84}},"49":{"start":{"line":50,"column":0},"end":{"line":50,"column":33}},"52":{"start":{"line":53,"column":0},"end":{"line":53,"column":81}},"53":{"start":{"line":54,"column":0},"end":{"line":54,"column":96}},"54":{"start":{"line":55,"column":0},"end":{"line":55,"column":80}},"55":{"start":{"line":56,"column":0},"end":{"line":56,"column":84}}},"s":{"0":1,"11":1,"12":12,"13":12,"14":12,"15":12,"16":12,"18":1,"19":1,"20":1,"21":1,"22":1,"23":2,"24":2,"25":2,"26":2,"27":2,"28":2,"29":2,"30":2,"31":2,"32":1,"33":1,"34":1,"35":1,"36":1,"37":1,"38":1,"39":11,"40":11,"41":1,"42":0,"43":0,"44":1,"45":1,"47":1,"49":1,"52":1,"53":1,"54":1,"55":1},"branchMap":{"0":{"type":"branch","line":12,"loc":{"start":{"line":12,"column":31},"end":{"line":17,"column":3}},"locations":[{"start":{"line":12,"column":31},"end":{"line":17,"column":3}}]},"1":{"type":"branch","line":14,"loc":{"start":{"line":14,"column":69},"end":{"line":14,"column":78}},"locations":[{"start":{"line":14,"column":69},"end":{"line":14,"column":78}}]},"2":{"type":"branch","line":15,"loc":{"start":{"line":15,"column":81},"end":{"line":15,"column":91}},"locations":[{"start":{"line":15,"column":81},"end":{"line":15,"column":91}}]},"3":{"type":"branch","line":23,"loc":{"start":{"line":23,"column":20},"end":{"line":32,"column":6}},"locations":[{"start":{"line":23,"column":20},"end":{"line":32,"column":6}}]},"4":{"type":"branch","line":33,"loc":{"start":{"line":33,"column":12},"end":{"line":38,"column":6}},"locations":[{"start":{"line":33,"column":12},"end":{"line":38,"column":6}}]},"5":{"type":"branch","line":39,"loc":{"start":{"line":39,"column":16},"end":{"line":41,"column":6}},"locations":[{"start":{"line":39,"column":16},"end":{"line":41,"column":6}}]},"6":{"type":"branch","line":53,"loc":{"start":{"line":53,"column":33},"end":{"line":53,"column":81}},"locations":[{"start":{"line":53,"column":33},"end":{"line":53,"column":81}}]},"7":{"type":"branch","line":55,"loc":{"start":{"line":55,"column":31},"end":{"line":55,"column":80}},"locations":[{"start":{"line":55,"column":31},"end":{"line":55,"column":80}}]}},"b":{"0":[12],"1":[0],"2":[0],"3":[2],"4":[1],"5":[11],"6":[80],"7":[24]},"fnMap":{"0":{"name":"getInitialState","decl":{"start":{"line":12,"column":31},"end":{"line":17,"column":3}},"loc":{"start":{"line":12,"column":31},"end":{"line":17,"column":3}},"line":12},"1":{"name":"setCredentials","decl":{"start":{"line":23,"column":20},"end":{"line":32,"column":6}},"loc":{"start":{"line":23,"column":20},"end":{"line":32,"column":6}},"line":23},"2":{"name":"logout","decl":{"start":{"line":33,"column":12},"end":{"line":38,"column":6}},"loc":{"start":{"line":33,"column":12},"end":{"line":38,"column":6}},"line":33},"3":{"name":"setLoading","decl":{"start":{"line":39,"column":16},"end":{"line":41,"column":6}},"loc":{"start":{"line":39,"column":16},"end":{"line":41,"column":6}},"line":39},"4":{"name":"updateUser","decl":{"start":{"line":42,"column":16},"end":{"line":44,"column":6}},"loc":{"start":{"line":42,"column":16},"end":{"line":44,"column":6}},"line":42},"5":{"name":"selectCurrentUser","decl":{"start":{"line":53,"column":33},"end":{"line":53,"column":81}},"loc":{"start":{"line":53,"column":33},"end":{"line":53,"column":81}},"line":53},"6":{"name":"selectIsAuthenticated","decl":{"start":{"line":54,"column":37},"end":{"line":54,"column":96}},"loc":{"start":{"line":54,"column":37},"end":{"line":54,"column":96}},"line":54},"7":{"name":"selectAuthToken","decl":{"start":{"line":55,"column":31},"end":{"line":55,"column":80}},"loc":{"start":{"line":55,"column":31},"end":{"line":55,"column":80}},"line":55},"8":{"name":"selectIsLoading","decl":{"start":{"line":56,"column":31},"end":{"line":56,"column":84}},"loc":{"start":{"line":56,"column":31},"end":{"line":56,"column":84}},"line":56}},"f":{"0":12,"1":2,"2":1,"3":11,"4":0,"5":80,"6":0,"7":24,"8":0}}
,"C:\\Users\\alimi\\Desktop\\webdev\\app-environment-practice\\apps-frontend\\src\\store\\index.ts": {"path":"C:\\Users\\alimi\\Desktop\\webdev\\app-environment-practice\\apps-frontend\\src\\store\\index.ts","all":false,"statementMap":{"0":{"start":{"line":1,"column":0},"end":{"line":1,"column":50}},"1":{"start":{"line":2,"column":0},"end":{"line":2,"column":59}},"3":{"start":{"line":4,"column":0},"end":{"line":4,"column":68}},"4":{"start":{"line":5,"column":0},"end":{"line":5,"column":25}},"5":{"start":{"line":6,"column":0},"end":{"line":6,"column":14}},"6":{"start":{"line":7,"column":0},"end":{"line":7,"column":24}},"7":{"start":{"line":8,"column":0},"end":{"line":8,"column":6}},"8":{"start":{"line":9,"column":0},"end":{"line":9,"column":21}},"9":{"start":{"line":10,"column":0},"end":{"line":10,"column":15}},"10":{"start":{"line":11,"column":0},"end":{"line":11,"column":33}},"11":{"start":{"line":12,"column":0},"end":{"line":12,"column":36}},"12":{"start":{"line":13,"column":0},"end":{"line":13,"column":10}},"13":{"start":{"line":14,"column":0},"end":{"line":14,"column":6}},"14":{"start":{"line":15,"column":0},"end":{"line":15,"column":5}},"15":{"start":{"line":16,"column":0},"end":{"line":16,"column":2}},"17":{"start":{"line":18,"column":0},"end":{"line":18,"column":34}}},"s":{"0":1,"1":1,"3":1,"4":10,"5":10,"6":10,"7":10,"8":10,"9":10,"10":10,"11":10,"12":10,"13":10,"14":10,"15":10,"17":1},"branchMap":{"0":{"type":"branch","line":4,"loc":{"start":{"line":4,"column":26},"end":{"line":16,"column":2}},"locations":[{"start":{"line":4,"column":26},"end":{"line":16,"column":2}}]},"1":{"type":"branch","line":12,"loc":{"start":{"line":12,"column":15},"end":{"line":12,"column":36}},"locations":[{"start":{"line":12,"column":15},"end":{"line":12,"column":36}}]}},"b":{"0":[10],"1":[8]},"fnMap":{"0":{"name":"setupStore","decl":{"start":{"line":4,"column":26},"end":{"line":16,"column":2}},"loc":{"start":{"line":4,"column":26},"end":{"line":16,"column":2}},"line":4}},"f":{"0":10}}
,"C:\\Users\\alimi\\Desktop\\webdev\\app-environment-practice\\apps-frontend\\src\\types\\absence.ts": {"path":"C:\\Users\\alimi\\Desktop\\webdev\\app-environment-practice\\apps-frontend\\src\\types\\absence.ts","all":false,"statementMap":{"2":{"start":{"line":3,"column":0},"end":{"line":3,"column":25}},"3":{"start":{"line":4,"column":0},"end":{"line":4,"column":24}},"4":{"start":{"line":5,"column":0},"end":{"line":5,"column":28}},"5":{"start":{"line":6,"column":0},"end":{"line":6,"column":36}},"6":{"start":{"line":7,"column":0},"end":{"line":7,"column":38}},"7":{"start":{"line":8,"column":0},"end":{"line":8,"column":38}},"8":{"start":{"line":9,"column":0},"end":{"line":9,"column":42}},"11":{"start":{"line":12,"column":0},"end":{"line":12,"column":27}},"12":{"start":{"line":13,"column":0},"end":{"line":13,"column":22}},"13":{"start":{"line":14,"column":0},"end":{"line":14,"column":24}},"14":{"start":{"line":15,"column":0},"end":{"line":15,"column":24}},"15":{"start":{"line":16,"column":0},"end":{"line":16,"column":26}}},"s":{"2":1,"3":1,"4":1,"5":1,"6":1,"7":1,"8":1,"11":1,"12":1,"13":1,"14":1,"15":1},"branchMap":{"0":{"type":"branch","line":3,"loc":{"start":{"line":3,"column":7},"end":{"line":3,"column":25}},"locations":[{"start":{"line":3,"column":7},"end":{"line":3,"column":25}}]},"1":{"type":"branch","line":12,"loc":{"start":{"line":12,"column":7},"end":{"line":12,"column":27}},"locations":[{"start":{"line":12,"column":7},"end":{"line":12,"column":27}}]}},"b":{"0":[2],"1":[2]},"fnMap":{},"f":{}}
,"C:\\Users\\alimi\\Desktop\\webdev\\app-environment-practice\\apps-frontend\\src\\types\\invitation.ts": {"path":"C:\\Users\\alimi\\Desktop\\webdev\\app-environment-practice\\apps-frontend\\src\\types\\invitation.ts","all":true,"statementMap":{},"s":{},"branchMap":{"0":{"type":"branch","line":1,"loc":{"start":{"line":1,"column":220},"end":{"line":12,"column":1}},"locations":[{"start":{"line":1,"column":220},"end":{"line":12,"column":1}}]}},"b":{"0":[1]},"fnMap":{"0":{"name":"(empty-report)","decl":{"start":{"line":1,"column":220},"end":{"line":12,"column":1}},"loc":{"start":{"line":1,"column":220},"end":{"line":12,"column":1}},"line":1}},"f":{"0":1}}
,"C:\\Users\\alimi\\Desktop\\webdev\\app-environment-practice\\apps-frontend\\src\\types\\role.ts": {"path":"C:\\Users\\alimi\\Desktop\\webdev\\app-environment-practice\\apps-frontend\\src\\types\\role.ts","all":false,"statementMap":{"0":{"start":{"line":1,"column":0},"end":{"line":1,"column":18}},"1":{"start":{"line":2,"column":0},"end":{"line":2,"column":28}},"2":{"start":{"line":3,"column":0},"end":{"line":3,"column":18}},"3":{"start":{"line":4,"column":0},"end":{"line":4,"column":24}}},"s":{"0":1,"1":1,"2":1,"3":1},"branchMap":{"0":{"type":"branch","line":1,"loc":{"start":{"line":1,"column":7},"end":{"line":1,"column":18}},"locations":[{"start":{"line":1,"column":7},"end":{"line":1,"column":18}}]}},"b":{"0":[2]},"fnMap":{},"f":{}}
,"C:\\Users\\alimi\\Desktop\\webdev\\app-environment-practice\\apps-frontend\\src\\types\\user.ts": {"path":"C:\\Users\\alimi\\Desktop\\webdev\\app-environment-practice\\apps-frontend\\src\\types\\user.ts","all":true,"statementMap":{},"s":{},"branchMap":{"0":{"type":"branch","line":1,"loc":{"start":{"line":1,"column":268},"end":{"line":14,"column":1}},"locations":[{"start":{"line":1,"column":268},"end":{"line":14,"column":1}}]}},"b":{"0":[1]},"fnMap":{"0":{"name":"(empty-report)","decl":{"start":{"line":1,"column":268},"end":{"line":14,"column":1}},"loc":{"start":{"line":1,"column":268},"end":{"line":14,"column":1}},"line":1}},"f":{"0":1}}
,"C:\\Users\\alimi\\Desktop\\webdev\\app-environment-practice\\apps-frontend\\src\\utils\\cn.ts": {"path":"C:\\Users\\alimi\\Desktop\\webdev\\app-environment-practice\\apps-frontend\\src\\utils\\cn.ts","all":false,"statementMap":{"0":{"start":{"line":1,"column":0},"end":{"line":1,"column":45}},"1":{"start":{"line":2,"column":0},"end":{"line":2,"column":41}},"3":{"start":{"line":4,"column":0},"end":{"line":4,"column":45}},"4":{"start":{"line":5,"column":0},"end":{"line":5,"column":31}},"5":{"start":{"line":6,"column":0},"end":{"line":6,"column":1}}},"s":{"0":1,"1":1,"3":1,"4":9,"5":9},"branchMap":{"0":{"type":"branch","line":4,"loc":{"start":{"line":4,"column":7},"end":{"line":6,"column":1}},"locations":[{"start":{"line":4,"column":7},"end":{"line":6,"column":1}}]}},"b":{"0":[9]},"fnMap":{"0":{"name":"cn","decl":{"start":{"line":4,"column":7},"end":{"line":6,"column":1}},"loc":{"start":{"line":4,"column":7},"end":{"line":6,"column":1}},"line":4}},"f":{"0":9}}
}
